{"C:\\Users\\tusen\\Desktop\\uni\\Server\\spa\\src\\App.jsx": {"path":"C:\\Users\\tusen\\Desktop\\uni\\Server\\spa\\src\\App.jsx","statementMap":{"0":{"start":{"line":19,"column":4},"end":{"line":47,"column":6}}},"fnMap":{"0":{"name":"App","decl":{"start":{"line":18,"column":9},"end":{"line":18,"column":12}},"loc":{"start":{"line":18,"column":15},"end":{"line":48,"column":1}},"line":18}},"branchMap":{},"s":{"0":0},"f":{"0":0},"b":{}}
,"C:\\Users\\tusen\\Desktop\\uni\\Server\\spa\\src\\index.js": {"path":"C:\\Users\\tusen\\Desktop\\uni\\Server\\spa\\src\\index.js","statementMap":{"0":{"start":{"line":6,"column":13},"end":{"line":6,"column":65}},"1":{"start":{"line":7,"column":0},"end":{"line":11,"column":2}}},"fnMap":{},"branchMap":{},"s":{"0":0,"1":0},"f":{},"b":{}}
,"C:\\Users\\tusen\\Desktop\\uni\\Server\\spa\\src\\components\\CarModal.jsx": {"path":"C:\\Users\\tusen\\Desktop\\uni\\Server\\spa\\src\\components\\CarModal.jsx","statementMap":{"0":{"start":{"line":3,"column":14},"end":{"line":9,"column":1}},"1":{"start":{"line":14,"column":19},"end":{"line":14,"column":25}},"2":{"start":{"line":15,"column":28},"end":{"line":15,"column":43}},"3":{"start":{"line":16,"column":30},"end":{"line":16,"column":42}},"4":{"start":{"line":18,"column":4},"end":{"line":26,"column":15}},"5":{"start":{"line":19,"column":8},"end":{"line":25,"column":19}},"6":{"start":{"line":28,"column":25},"end":{"line":31,"column":5}},"7":{"start":{"line":29,"column":32},"end":{"line":29,"column":40}},"8":{"start":{"line":30,"column":8},"end":{"line":30,"column":56}},"9":{"start":{"line":30,"column":27},"end":{"line":30,"column":53}},"10":{"start":{"line":33,"column":25},"end":{"line":48,"column":5}},"11":{"start":{"line":34,"column":8},"end":{"line":34,"column":27}},"12":{"start":{"line":35,"column":8},"end":{"line":35,"column":21}},"13":{"start":{"line":36,"column":8},"end":{"line":47,"column":9}},"14":{"start":{"line":37,"column":12},"end":{"line":43,"column":15}},"15":{"start":{"line":44,"column":12},"end":{"line":44,"column":22}},"16":{"start":{"line":46,"column":12},"end":{"line":46,"column":34}},"17":{"start":{"line":50,"column":25},"end":{"line":58,"column":5}},"18":{"start":{"line":51,"column":8},"end":{"line":51,"column":107}},"19":{"start":{"line":51,"column":100},"end":{"line":51,"column":107}},"20":{"start":{"line":52,"column":8},"end":{"line":57,"column":9}},"21":{"start":{"line":53,"column":12},"end":{"line":53,"column":39}},"22":{"start":{"line":54,"column":12},"end":{"line":54,"column":22}},"23":{"start":{"line":56,"column":12},"end":{"line":56,"column":34}},"24":{"start":{"line":60,"column":4},"end":{"line":154,"column":6}}},"fnMap":{"0":{"name":"CarModal","decl":{"start":{"line":11,"column":9},"end":{"line":11,"column":17}},"loc":{"start":{"line":13,"column":3},"end":{"line":155,"column":1}},"line":13},"1":{"name":"(anonymous_1)","decl":{"start":{"line":18,"column":14},"end":{"line":18,"column":15}},"loc":{"start":{"line":18,"column":20},"end":{"line":26,"column":5}},"line":18},"2":{"name":"(anonymous_2)","decl":{"start":{"line":28,"column":25},"end":{"line":28,"column":26}},"loc":{"start":{"line":28,"column":32},"end":{"line":31,"column":5}},"line":28},"3":{"name":"(anonymous_3)","decl":{"start":{"line":30,"column":16},"end":{"line":30,"column":17}},"loc":{"start":{"line":30,"column":27},"end":{"line":30,"column":53}},"line":30},"4":{"name":"(anonymous_4)","decl":{"start":{"line":33,"column":25},"end":{"line":33,"column":26}},"loc":{"start":{"line":33,"column":38},"end":{"line":48,"column":5}},"line":33},"5":{"name":"(anonymous_5)","decl":{"start":{"line":50,"column":25},"end":{"line":50,"column":26}},"loc":{"start":{"line":50,"column":37},"end":{"line":58,"column":5}},"line":50}},"branchMap":{"0":{"loc":{"start":{"line":19,"column":16},"end":{"line":25,"column":17}},"type":"cond-expr","locations":[{"start":{"line":19,"column":23},"end":{"line":25,"column":9}},{"start":{"line":25,"column":12},"end":{"line":25,"column":17}}],"line":19},"1":{"loc":{"start":{"line":20,"column":19},"end":{"line":20,"column":35}},"type":"binary-expr","locations":[{"start":{"line":20,"column":19},"end":{"line":20,"column":29}},{"start":{"line":20,"column":33},"end":{"line":20,"column":35}}],"line":20},"2":{"loc":{"start":{"line":21,"column":19},"end":{"line":21,"column":35}},"type":"binary-expr","locations":[{"start":{"line":21,"column":19},"end":{"line":21,"column":29}},{"start":{"line":21,"column":33},"end":{"line":21,"column":35}}],"line":21},"3":{"loc":{"start":{"line":22,"column":27},"end":{"line":22,"column":51}},"type":"binary-expr","locations":[{"start":{"line":22,"column":27},"end":{"line":22,"column":45}},{"start":{"line":22,"column":49},"end":{"line":22,"column":51}}],"line":22},"4":{"loc":{"start":{"line":23,"column":17},"end":{"line":23,"column":31}},"type":"binary-expr","locations":[{"start":{"line":23,"column":17},"end":{"line":23,"column":25}},{"start":{"line":23,"column":29},"end":{"line":23,"column":31}}],"line":23},"5":{"loc":{"start":{"line":24,"column":26},"end":{"line":24,"column":49}},"type":"binary-expr","locations":[{"start":{"line":24,"column":26},"end":{"line":24,"column":43}},{"start":{"line":24,"column":47},"end":{"line":24,"column":49}}],"line":24},"6":{"loc":{"start":{"line":51,"column":8},"end":{"line":51,"column":107}},"type":"if","locations":[{"start":{"line":51,"column":8},"end":{"line":51,"column":107}},{"start":{},"end":{}}],"line":51},"7":{"loc":{"start":{"line":65,"column":25},"end":{"line":65,"column":65}},"type":"cond-expr","locations":[{"start":{"line":65,"column":34},"end":{"line":65,"column":51}},{"start":{"line":65,"column":54},"end":{"line":65,"column":65}}],"line":65},"8":{"loc":{"start":{"line":136,"column":21},"end":{"line":136,"column":67}},"type":"binary-expr","locations":[{"start":{"line":136,"column":21},"end":{"line":136,"column":26}},{"start":{"line":136,"column":30},"end":{"line":136,"column":67}}],"line":136},"9":{"loc":{"start":{"line":140,"column":29},"end":{"line":140,"column":61}},"type":"cond-expr","locations":[{"start":{"line":140,"column":38},"end":{"line":140,"column":48}},{"start":{"line":140,"column":51},"end":{"line":140,"column":61}}],"line":140},"10":{"loc":{"start":{"line":142,"column":25},"end":{"line":146,"column":25}},"type":"binary-expr","locations":[{"start":{"line":142,"column":25},"end":{"line":142,"column":31}},{"start":{"line":142,"column":35},"end":{"line":142,"column":42}},{"start":{"line":143,"column":28},"end":{"line":145,"column":37}}],"line":142}},"s":{"0":2,"1":11,"2":11,"3":11,"4":11,"5":3,"6":11,"7":5,"8":5,"9":5,"10":11,"11":1,"12":1,"13":1,"14":1,"15":1,"16":0,"17":11,"18":1,"19":0,"20":1,"21":1,"22":1,"23":0,"24":11},"f":{"0":11,"1":3,"2":5,"3":5,"4":1,"5":1},"b":{"0":[1,2],"1":[1,0],"2":[1,0],"3":[1,1],"4":[1,1],"5":[1,0],"6":[0,1],"7":[2,9],"8":[11,0],"9":[2,9],"10":[11,2,2]},"_coverageSchema":"1a1c01bbd47fc00a2c39e90264f33305004495a9","hash":"ad771deb452cf8ff5c813695942d2deb9a345c91"}
,"C:\\Users\\tusen\\Desktop\\uni\\Server\\spa\\src\\components\\CenterModal.jsx": {"path":"C:\\Users\\tusen\\Desktop\\uni\\Server\\spa\\src\\components\\CenterModal.jsx","statementMap":{"0":{"start":{"line":3,"column":14},"end":{"line":7,"column":1}},"1":{"start":{"line":12,"column":19},"end":{"line":12,"column":25}},"2":{"start":{"line":13,"column":28},"end":{"line":13,"column":43}},"3":{"start":{"line":14,"column":30},"end":{"line":14,"column":42}},"4":{"start":{"line":16,"column":4},"end":{"line":22,"column":15}},"5":{"start":{"line":17,"column":8},"end":{"line":21,"column":19}},"6":{"start":{"line":24,"column":25},"end":{"line":27,"column":5}},"7":{"start":{"line":25,"column":32},"end":{"line":25,"column":40}},"8":{"start":{"line":26,"column":8},"end":{"line":26,"column":56}},"9":{"start":{"line":26,"column":27},"end":{"line":26,"column":53}},"10":{"start":{"line":29,"column":25},"end":{"line":42,"column":5}},"11":{"start":{"line":30,"column":8},"end":{"line":30,"column":27}},"12":{"start":{"line":31,"column":8},"end":{"line":31,"column":21}},"13":{"start":{"line":32,"column":8},"end":{"line":41,"column":9}},"14":{"start":{"line":33,"column":12},"end":{"line":37,"column":15}},"15":{"start":{"line":38,"column":12},"end":{"line":38,"column":22}},"16":{"start":{"line":40,"column":12},"end":{"line":40,"column":34}},"17":{"start":{"line":44,"column":25},"end":{"line":52,"column":5}},"18":{"start":{"line":45,"column":8},"end":{"line":45,"column":68}},"19":{"start":{"line":45,"column":61},"end":{"line":45,"column":68}},"20":{"start":{"line":46,"column":8},"end":{"line":51,"column":9}},"21":{"start":{"line":47,"column":12},"end":{"line":47,"column":49}},"22":{"start":{"line":48,"column":12},"end":{"line":48,"column":22}},"23":{"start":{"line":50,"column":12},"end":{"line":50,"column":34}},"24":{"start":{"line":54,"column":4},"end":{"line":119,"column":6}}},"fnMap":{"0":{"name":"CenterModal","decl":{"start":{"line":9,"column":9},"end":{"line":9,"column":20}},"loc":{"start":{"line":11,"column":3},"end":{"line":120,"column":1}},"line":11},"1":{"name":"(anonymous_1)","decl":{"start":{"line":16,"column":14},"end":{"line":16,"column":15}},"loc":{"start":{"line":16,"column":20},"end":{"line":22,"column":5}},"line":16},"2":{"name":"(anonymous_2)","decl":{"start":{"line":24,"column":25},"end":{"line":24,"column":26}},"loc":{"start":{"line":24,"column":32},"end":{"line":27,"column":5}},"line":24},"3":{"name":"(anonymous_3)","decl":{"start":{"line":26,"column":16},"end":{"line":26,"column":17}},"loc":{"start":{"line":26,"column":27},"end":{"line":26,"column":53}},"line":26},"4":{"name":"(anonymous_4)","decl":{"start":{"line":29,"column":25},"end":{"line":29,"column":26}},"loc":{"start":{"line":29,"column":38},"end":{"line":42,"column":5}},"line":29},"5":{"name":"(anonymous_5)","decl":{"start":{"line":44,"column":25},"end":{"line":44,"column":26}},"loc":{"start":{"line":44,"column":37},"end":{"line":52,"column":5}},"line":44}},"branchMap":{"0":{"loc":{"start":{"line":17,"column":16},"end":{"line":21,"column":17}},"type":"cond-expr","locations":[{"start":{"line":17,"column":23},"end":{"line":21,"column":9}},{"start":{"line":21,"column":12},"end":{"line":21,"column":17}}],"line":17},"1":{"loc":{"start":{"line":18,"column":18},"end":{"line":18,"column":33}},"type":"binary-expr","locations":[{"start":{"line":18,"column":18},"end":{"line":18,"column":27}},{"start":{"line":18,"column":31},"end":{"line":18,"column":33}}],"line":18},"2":{"loc":{"start":{"line":19,"column":21},"end":{"line":19,"column":39}},"type":"binary-expr","locations":[{"start":{"line":19,"column":21},"end":{"line":19,"column":33}},{"start":{"line":19,"column":37},"end":{"line":19,"column":39}}],"line":19},"3":{"loc":{"start":{"line":20,"column":25},"end":{"line":20,"column":47}},"type":"binary-expr","locations":[{"start":{"line":20,"column":25},"end":{"line":20,"column":41}},{"start":{"line":20,"column":45},"end":{"line":20,"column":47}}],"line":20},"4":{"loc":{"start":{"line":45,"column":8},"end":{"line":45,"column":68}},"type":"if","locations":[{"start":{"line":45,"column":8},"end":{"line":45,"column":68}},{"start":{},"end":{}}],"line":45},"5":{"loc":{"start":{"line":59,"column":25},"end":{"line":59,"column":63}},"type":"cond-expr","locations":[{"start":{"line":59,"column":34},"end":{"line":59,"column":50}},{"start":{"line":59,"column":53},"end":{"line":59,"column":63}}],"line":59},"6":{"loc":{"start":{"line":101,"column":21},"end":{"line":101,"column":67}},"type":"binary-expr","locations":[{"start":{"line":101,"column":21},"end":{"line":101,"column":26}},{"start":{"line":101,"column":30},"end":{"line":101,"column":67}}],"line":101},"7":{"loc":{"start":{"line":105,"column":29},"end":{"line":105,"column":61}},"type":"cond-expr","locations":[{"start":{"line":105,"column":38},"end":{"line":105,"column":48}},{"start":{"line":105,"column":51},"end":{"line":105,"column":61}}],"line":105},"8":{"loc":{"start":{"line":107,"column":25},"end":{"line":111,"column":25}},"type":"binary-expr","locations":[{"start":{"line":107,"column":25},"end":{"line":107,"column":31}},{"start":{"line":108,"column":28},"end":{"line":110,"column":37}}],"line":107}},"s":{"0":2,"1":16,"2":16,"3":16,"4":16,"5":5,"6":16,"7":4,"8":4,"9":4,"10":16,"11":2,"12":2,"13":2,"14":2,"15":1,"16":1,"17":16,"18":1,"19":0,"20":1,"21":1,"22":1,"23":0,"24":16},"f":{"0":16,"1":5,"2":4,"3":4,"4":2,"5":1},"b":{"0":[2,3],"1":[2,0],"2":[2,1],"3":[2,1],"4":[0,1],"5":[4,12],"6":[16,2],"7":[4,12],"8":[16,4]},"_coverageSchema":"1a1c01bbd47fc00a2c39e90264f33305004495a9","hash":"571177406923ba8cbe11b7d4849628ab1149e83b"}
,"C:\\Users\\tusen\\Desktop\\uni\\Server\\spa\\src\\components\\ClientModal.jsx": {"path":"C:\\Users\\tusen\\Desktop\\uni\\Server\\spa\\src\\components\\ClientModal.jsx","statementMap":{"0":{"start":{"line":3,"column":14},"end":{"line":8,"column":1}},"1":{"start":{"line":13,"column":19},"end":{"line":13,"column":25}},"2":{"start":{"line":14,"column":28},"end":{"line":14,"column":43}},"3":{"start":{"line":15,"column":30},"end":{"line":15,"column":42}},"4":{"start":{"line":17,"column":4},"end":{"line":24,"column":15}},"5":{"start":{"line":18,"column":8},"end":{"line":23,"column":19}},"6":{"start":{"line":26,"column":25},"end":{"line":29,"column":5}},"7":{"start":{"line":27,"column":32},"end":{"line":27,"column":40}},"8":{"start":{"line":28,"column":8},"end":{"line":28,"column":56}},"9":{"start":{"line":28,"column":27},"end":{"line":28,"column":53}},"10":{"start":{"line":31,"column":25},"end":{"line":45,"column":5}},"11":{"start":{"line":32,"column":8},"end":{"line":32,"column":27}},"12":{"start":{"line":33,"column":8},"end":{"line":33,"column":21}},"13":{"start":{"line":34,"column":8},"end":{"line":44,"column":9}},"14":{"start":{"line":35,"column":12},"end":{"line":40,"column":15}},"15":{"start":{"line":41,"column":12},"end":{"line":41,"column":22}},"16":{"start":{"line":43,"column":12},"end":{"line":43,"column":34}},"17":{"start":{"line":47,"column":25},"end":{"line":55,"column":5}},"18":{"start":{"line":48,"column":8},"end":{"line":48,"column":94}},"19":{"start":{"line":48,"column":87},"end":{"line":48,"column":94}},"20":{"start":{"line":49,"column":8},"end":{"line":54,"column":9}},"21":{"start":{"line":50,"column":12},"end":{"line":50,"column":42}},"22":{"start":{"line":51,"column":12},"end":{"line":51,"column":22}},"23":{"start":{"line":53,"column":12},"end":{"line":53,"column":34}},"24":{"start":{"line":57,"column":4},"end":{"line":136,"column":6}}},"fnMap":{"0":{"name":"ClientModal","decl":{"start":{"line":10,"column":9},"end":{"line":10,"column":20}},"loc":{"start":{"line":12,"column":3},"end":{"line":137,"column":1}},"line":12},"1":{"name":"(anonymous_1)","decl":{"start":{"line":17,"column":14},"end":{"line":17,"column":15}},"loc":{"start":{"line":17,"column":20},"end":{"line":24,"column":5}},"line":17},"2":{"name":"(anonymous_2)","decl":{"start":{"line":26,"column":25},"end":{"line":26,"column":26}},"loc":{"start":{"line":26,"column":32},"end":{"line":29,"column":5}},"line":26},"3":{"name":"(anonymous_3)","decl":{"start":{"line":28,"column":16},"end":{"line":28,"column":17}},"loc":{"start":{"line":28,"column":27},"end":{"line":28,"column":53}},"line":28},"4":{"name":"(anonymous_4)","decl":{"start":{"line":31,"column":25},"end":{"line":31,"column":26}},"loc":{"start":{"line":31,"column":38},"end":{"line":45,"column":5}},"line":31},"5":{"name":"(anonymous_5)","decl":{"start":{"line":47,"column":25},"end":{"line":47,"column":26}},"loc":{"start":{"line":47,"column":37},"end":{"line":55,"column":5}},"line":47}},"branchMap":{"0":{"loc":{"start":{"line":18,"column":16},"end":{"line":23,"column":17}},"type":"cond-expr","locations":[{"start":{"line":18,"column":23},"end":{"line":23,"column":9}},{"start":{"line":23,"column":12},"end":{"line":23,"column":17}}],"line":18},"1":{"loc":{"start":{"line":19,"column":23},"end":{"line":19,"column":43}},"type":"binary-expr","locations":[{"start":{"line":19,"column":23},"end":{"line":19,"column":37}},{"start":{"line":19,"column":41},"end":{"line":19,"column":43}}],"line":19},"2":{"loc":{"start":{"line":20,"column":22},"end":{"line":20,"column":41}},"type":"binary-expr","locations":[{"start":{"line":20,"column":22},"end":{"line":20,"column":35}},{"start":{"line":20,"column":39},"end":{"line":20,"column":41}}],"line":20},"3":{"loc":{"start":{"line":21,"column":25},"end":{"line":21,"column":47}},"type":"binary-expr","locations":[{"start":{"line":21,"column":25},"end":{"line":21,"column":41}},{"start":{"line":21,"column":45},"end":{"line":21,"column":47}}],"line":21},"4":{"loc":{"start":{"line":22,"column":19},"end":{"line":22,"column":35}},"type":"binary-expr","locations":[{"start":{"line":22,"column":19},"end":{"line":22,"column":29}},{"start":{"line":22,"column":33},"end":{"line":22,"column":35}}],"line":22},"5":{"loc":{"start":{"line":39,"column":23},"end":{"line":39,"column":41}},"type":"binary-expr","locations":[{"start":{"line":39,"column":23},"end":{"line":39,"column":33}},{"start":{"line":39,"column":37},"end":{"line":39,"column":41}}],"line":39},"6":{"loc":{"start":{"line":48,"column":8},"end":{"line":48,"column":94}},"type":"if","locations":[{"start":{"line":48,"column":8},"end":{"line":48,"column":94}},{"start":{},"end":{}}],"line":48},"7":{"loc":{"start":{"line":62,"column":25},"end":{"line":62,"column":71}},"type":"cond-expr","locations":[{"start":{"line":62,"column":34},"end":{"line":62,"column":54}},{"start":{"line":62,"column":57},"end":{"line":62,"column":71}}],"line":62},"8":{"loc":{"start":{"line":118,"column":21},"end":{"line":118,"column":67}},"type":"binary-expr","locations":[{"start":{"line":118,"column":21},"end":{"line":118,"column":26}},{"start":{"line":118,"column":30},"end":{"line":118,"column":67}}],"line":118},"9":{"loc":{"start":{"line":122,"column":29},"end":{"line":122,"column":61}},"type":"cond-expr","locations":[{"start":{"line":122,"column":38},"end":{"line":122,"column":48}},{"start":{"line":122,"column":51},"end":{"line":122,"column":61}}],"line":122},"10":{"loc":{"start":{"line":124,"column":25},"end":{"line":128,"column":25}},"type":"binary-expr","locations":[{"start":{"line":124,"column":25},"end":{"line":124,"column":31}},{"start":{"line":124,"column":35},"end":{"line":124,"column":42}},{"start":{"line":125,"column":28},"end":{"line":127,"column":37}}],"line":124}},"s":{"0":2,"1":9,"2":9,"3":9,"4":9,"5":2,"6":9,"7":4,"8":4,"9":4,"10":9,"11":1,"12":1,"13":1,"14":1,"15":1,"16":0,"17":9,"18":1,"19":0,"20":1,"21":1,"22":1,"23":0,"24":9},"f":{"0":9,"1":2,"2":4,"3":4,"4":1,"5":1},"b":{"0":[1,1],"1":[1,0],"2":[1,0],"3":[1,1],"4":[1,1],"5":[1,0],"6":[0,1],"7":[2,7],"8":[9,0],"9":[2,7],"10":[9,2,2]},"_coverageSchema":"1a1c01bbd47fc00a2c39e90264f33305004495a9","hash":"cf9f7e3b2d0ace64efde1ee5e2fe73afb34f8fcb"}
,"C:\\Users\\tusen\\Desktop\\uni\\Server\\spa\\src\\components\\EmployeeModal.jsx": {"path":"C:\\Users\\tusen\\Desktop\\uni\\Server\\spa\\src\\components\\EmployeeModal.jsx","statementMap":{"0":{"start":{"line":3,"column":19},"end":{"line":9,"column":1}},"1":{"start":{"line":14,"column":19},"end":{"line":14,"column":25}},"2":{"start":{"line":15,"column":19},"end":{"line":15,"column":54}},"3":{"start":{"line":16,"column":23},"end":{"line":16,"column":31}},"4":{"start":{"line":18,"column":28},"end":{"line":18,"column":48}},"5":{"start":{"line":19,"column":30},"end":{"line":19,"column":42}},"6":{"start":{"line":21,"column":4},"end":{"line":33,"column":15}},"7":{"start":{"line":22,"column":8},"end":{"line":32,"column":9}},"8":{"start":{"line":23,"column":12},"end":{"line":29,"column":15}},"9":{"start":{"line":31,"column":12},"end":{"line":31,"column":32}},"10":{"start":{"line":35,"column":25},"end":{"line":38,"column":5}},"11":{"start":{"line":36,"column":32},"end":{"line":36,"column":40}},"12":{"start":{"line":37,"column":8},"end":{"line":37,"column":56}},"13":{"start":{"line":37,"column":27},"end":{"line":37,"column":53}},"14":{"start":{"line":40,"column":25},"end":{"line":60,"column":5}},"15":{"start":{"line":41,"column":8},"end":{"line":41,"column":27}},"16":{"start":{"line":42,"column":8},"end":{"line":42,"column":21}},"17":{"start":{"line":43,"column":8},"end":{"line":59,"column":9}},"18":{"start":{"line":44,"column":25},"end":{"line":48,"column":13}},"19":{"start":{"line":49,"column":12},"end":{"line":51,"column":13}},"20":{"start":{"line":50,"column":16},"end":{"line":50,"column":46}},"21":{"start":{"line":52,"column":12},"end":{"line":54,"column":13}},"22":{"start":{"line":53,"column":16},"end":{"line":53,"column":46}},"23":{"start":{"line":55,"column":12},"end":{"line":55,"column":31}},"24":{"start":{"line":56,"column":12},"end":{"line":56,"column":22}},"25":{"start":{"line":58,"column":12},"end":{"line":58,"column":34}},"26":{"start":{"line":62,"column":25},"end":{"line":70,"column":5}},"27":{"start":{"line":63,"column":8},"end":{"line":63,"column":80}},"28":{"start":{"line":63,"column":73},"end":{"line":63,"column":80}},"29":{"start":{"line":64,"column":8},"end":{"line":69,"column":9}},"30":{"start":{"line":65,"column":12},"end":{"line":65,"column":36}},"31":{"start":{"line":66,"column":12},"end":{"line":66,"column":22}},"32":{"start":{"line":68,"column":12},"end":{"line":68,"column":34}},"33":{"start":{"line":72,"column":4},"end":{"line":190,"column":6}}},"fnMap":{"0":{"name":"UserModal","decl":{"start":{"line":11,"column":9},"end":{"line":11,"column":18}},"loc":{"start":{"line":13,"column":3},"end":{"line":191,"column":1}},"line":13},"1":{"name":"(anonymous_1)","decl":{"start":{"line":21,"column":14},"end":{"line":21,"column":15}},"loc":{"start":{"line":21,"column":20},"end":{"line":33,"column":5}},"line":21},"2":{"name":"(anonymous_2)","decl":{"start":{"line":35,"column":25},"end":{"line":35,"column":26}},"loc":{"start":{"line":35,"column":32},"end":{"line":38,"column":5}},"line":35},"3":{"name":"(anonymous_3)","decl":{"start":{"line":37,"column":16},"end":{"line":37,"column":17}},"loc":{"start":{"line":37,"column":27},"end":{"line":37,"column":53}},"line":37},"4":{"name":"(anonymous_4)","decl":{"start":{"line":40,"column":25},"end":{"line":40,"column":26}},"loc":{"start":{"line":40,"column":38},"end":{"line":60,"column":5}},"line":40},"5":{"name":"(anonymous_5)","decl":{"start":{"line":62,"column":25},"end":{"line":62,"column":26}},"loc":{"start":{"line":62,"column":37},"end":{"line":70,"column":5}},"line":62}},"branchMap":{"0":{"loc":{"start":{"line":15,"column":19},"end":{"line":15,"column":54}},"type":"binary-expr","locations":[{"start":{"line":15,"column":19},"end":{"line":15,"column":25}},{"start":{"line":15,"column":29},"end":{"line":15,"column":54}}],"line":15},"1":{"loc":{"start":{"line":22,"column":8},"end":{"line":32,"column":9}},"type":"if","locations":[{"start":{"line":22,"column":8},"end":{"line":32,"column":9}},{"start":{"line":30,"column":15},"end":{"line":32,"column":9}}],"line":22},"2":{"loc":{"start":{"line":24,"column":26},"end":{"line":24,"column":45}},"type":"binary-expr","locations":[{"start":{"line":24,"column":26},"end":{"line":24,"column":39}},{"start":{"line":24,"column":43},"end":{"line":24,"column":45}}],"line":24},"3":{"loc":{"start":{"line":25,"column":23},"end":{"line":25,"column":39}},"type":"binary-expr","locations":[{"start":{"line":25,"column":23},"end":{"line":25,"column":33}},{"start":{"line":25,"column":37},"end":{"line":25,"column":39}}],"line":25},"4":{"loc":{"start":{"line":27,"column":22},"end":{"line":27,"column":44}},"type":"binary-expr","locations":[{"start":{"line":27,"column":22},"end":{"line":27,"column":31}},{"start":{"line":27,"column":35},"end":{"line":27,"column":44}}],"line":27},"5":{"loc":{"start":{"line":28,"column":26},"end":{"line":28,"column":58}},"type":"cond-expr","locations":[{"start":{"line":28,"column":42},"end":{"line":28,"column":48}},{"start":{"line":28,"column":51},"end":{"line":28,"column":58}}],"line":28},"6":{"loc":{"start":{"line":49,"column":12},"end":{"line":51,"column":13}},"type":"if","locations":[{"start":{"line":49,"column":12},"end":{"line":51,"column":13}},{"start":{},"end":{}}],"line":49},"7":{"loc":{"start":{"line":52,"column":12},"end":{"line":54,"column":13}},"type":"if","locations":[{"start":{"line":52,"column":12},"end":{"line":54,"column":13}},{"start":{},"end":{}}],"line":52},"8":{"loc":{"start":{"line":63,"column":8},"end":{"line":63,"column":80}},"type":"if","locations":[{"start":{"line":63,"column":8},"end":{"line":63,"column":80}},{"start":{},"end":{}}],"line":63},"9":{"loc":{"start":{"line":77,"column":25},"end":{"line":77,"column":67}},"type":"cond-expr","locations":[{"start":{"line":77,"column":34},"end":{"line":77,"column":46}},{"start":{"line":77,"column":49},"end":{"line":77,"column":67}}],"line":77},"10":{"loc":{"start":{"line":91,"column":38},"end":{"line":91,"column":58}},"type":"binary-expr","locations":[{"start":{"line":91,"column":38},"end":{"line":91,"column":44}},{"start":{"line":91,"column":48},"end":{"line":91,"column":58}}],"line":91},"11":{"loc":{"start":{"line":109,"column":21},"end":{"line":124,"column":21}},"type":"binary-expr","locations":[{"start":{"line":109,"column":21},"end":{"line":109,"column":32}},{"start":{"line":110,"column":24},"end":{"line":123,"column":30}}],"line":109},"12":{"loc":{"start":{"line":112,"column":33},"end":{"line":112,"column":101}},"type":"cond-expr","locations":[{"start":{"line":112,"column":42},"end":{"line":112,"column":90}},{"start":{"line":112,"column":93},"end":{"line":112,"column":101}}],"line":112},"13":{"loc":{"start":{"line":134,"column":38},"end":{"line":134,"column":58}},"type":"binary-expr","locations":[{"start":{"line":134,"column":38},"end":{"line":134,"column":44}},{"start":{"line":134,"column":48},"end":{"line":134,"column":58}}],"line":134},"14":{"loc":{"start":{"line":139,"column":25},"end":{"line":141,"column":25}},"type":"binary-expr","locations":[{"start":{"line":139,"column":25},"end":{"line":139,"column":31}},{"start":{"line":140,"column":28},"end":{"line":140,"column":87}}],"line":139},"15":{"loc":{"start":{"line":144,"column":21},"end":{"line":162,"column":21}},"type":"binary-expr","locations":[{"start":{"line":144,"column":21},"end":{"line":144,"column":27}},{"start":{"line":145,"column":24},"end":{"line":161,"column":30}}],"line":144},"16":{"loc":{"start":{"line":153,"column":42},"end":{"line":153,"column":62}},"type":"binary-expr","locations":[{"start":{"line":153,"column":42},"end":{"line":153,"column":48}},{"start":{"line":153,"column":52},"end":{"line":153,"column":62}}],"line":153},"17":{"loc":{"start":{"line":158,"column":29},"end":{"line":160,"column":29}},"type":"binary-expr","locations":[{"start":{"line":158,"column":29},"end":{"line":158,"column":35}},{"start":{"line":159,"column":32},"end":{"line":159,"column":99}}],"line":158},"18":{"loc":{"start":{"line":164,"column":21},"end":{"line":168,"column":21}},"type":"binary-expr","locations":[{"start":{"line":164,"column":21},"end":{"line":164,"column":31}},{"start":{"line":165,"column":24},"end":{"line":167,"column":28}}],"line":164},"19":{"loc":{"start":{"line":170,"column":21},"end":{"line":170,"column":67}},"type":"binary-expr","locations":[{"start":{"line":170,"column":21},"end":{"line":170,"column":26}},{"start":{"line":170,"column":30},"end":{"line":170,"column":67}}],"line":170},"20":{"loc":{"start":{"line":173,"column":25},"end":{"line":177,"column":25}},"type":"binary-expr","locations":[{"start":{"line":173,"column":25},"end":{"line":173,"column":36}},{"start":{"line":174,"column":28},"end":{"line":176,"column":37}}],"line":173},"21":{"loc":{"start":{"line":175,"column":33},"end":{"line":175,"column":65}},"type":"cond-expr","locations":[{"start":{"line":175,"column":42},"end":{"line":175,"column":52}},{"start":{"line":175,"column":55},"end":{"line":175,"column":65}}],"line":175},"22":{"loc":{"start":{"line":178,"column":25},"end":{"line":182,"column":25}},"type":"binary-expr","locations":[{"start":{"line":178,"column":25},"end":{"line":178,"column":31}},{"start":{"line":178,"column":35},"end":{"line":178,"column":42}},{"start":{"line":178,"column":46},"end":{"line":178,"column":53}},{"start":{"line":179,"column":28},"end":{"line":181,"column":37}}],"line":178},"23":{"loc":{"start":{"line":184,"column":29},"end":{"line":184,"column":65}},"type":"cond-expr","locations":[{"start":{"line":184,"column":42},"end":{"line":184,"column":51}},{"start":{"line":184,"column":54},"end":{"line":184,"column":65}}],"line":184}},"s":{"0":2,"1":10,"2":10,"3":10,"4":10,"5":10,"6":10,"7":3,"8":1,"9":2,"10":10,"11":4,"12":4,"13":4,"14":10,"15":1,"16":1,"17":1,"18":1,"19":1,"20":1,"21":1,"22":1,"23":1,"24":1,"25":0,"26":10,"27":1,"28":0,"29":1,"30":1,"31":1,"32":0,"33":10},"f":{"0":10,"1":3,"2":4,"3":4,"4":1,"5":1},"b":{"0":[10,2],"1":[1,2],"2":[1,0],"3":[1,1],"4":[1,1],"5":[0,1],"6":[1,0],"7":[1,0],"8":[0,1],"9":[2,8],"10":[10,8],"11":[10,10],"12":[2,8],"13":[10,10],"14":[10,0],"15":[10,2],"16":[2,2],"17":[2,0],"18":[10,0],"19":[10,0],"20":[10,10],"21":[2,8],"22":[10,2,2,2],"23":[0,10]},"_coverageSchema":"1a1c01bbd47fc00a2c39e90264f33305004495a9","hash":"5438e371dbfdeadf2353968ef1c7726c5d2afdeb"}
,"C:\\Users\\tusen\\Desktop\\uni\\Server\\spa\\src\\components\\EmployeeStaffModal.jsx": {"path":"C:\\Users\\tusen\\Desktop\\uni\\Server\\spa\\src\\components\\EmployeeStaffModal.jsx","statementMap":{"0":{"start":{"line":3,"column":14},"end":{"line":10,"column":1}},"1":{"start":{"line":15,"column":19},"end":{"line":15,"column":25}},"2":{"start":{"line":16,"column":28},"end":{"line":16,"column":43}},"3":{"start":{"line":17,"column":30},"end":{"line":17,"column":42}},"4":{"start":{"line":19,"column":4},"end":{"line":32,"column":15}},"5":{"start":{"line":20,"column":8},"end":{"line":31,"column":9}},"6":{"start":{"line":21,"column":12},"end":{"line":28,"column":15}},"7":{"start":{"line":30,"column":12},"end":{"line":30,"column":27}},"8":{"start":{"line":34,"column":25},"end":{"line":37,"column":5}},"9":{"start":{"line":35,"column":32},"end":{"line":35,"column":40}},"10":{"start":{"line":36,"column":8},"end":{"line":36,"column":56}},"11":{"start":{"line":36,"column":27},"end":{"line":36,"column":53}},"12":{"start":{"line":39,"column":25},"end":{"line":55,"column":5}},"13":{"start":{"line":40,"column":8},"end":{"line":40,"column":27}},"14":{"start":{"line":41,"column":8},"end":{"line":41,"column":21}},"15":{"start":{"line":42,"column":8},"end":{"line":54,"column":9}},"16":{"start":{"line":43,"column":12},"end":{"line":50,"column":15}},"17":{"start":{"line":51,"column":12},"end":{"line":51,"column":22}},"18":{"start":{"line":53,"column":12},"end":{"line":53,"column":34}},"19":{"start":{"line":57,"column":25},"end":{"line":65,"column":5}},"20":{"start":{"line":58,"column":8},"end":{"line":58,"column":86}},"21":{"start":{"line":58,"column":79},"end":{"line":58,"column":86}},"22":{"start":{"line":59,"column":8},"end":{"line":64,"column":9}},"23":{"start":{"line":60,"column":12},"end":{"line":60,"column":44}},"24":{"start":{"line":61,"column":12},"end":{"line":61,"column":22}},"25":{"start":{"line":63,"column":12},"end":{"line":63,"column":34}},"26":{"start":{"line":67,"column":4},"end":{"line":185,"column":6}},"27":{"start":{"line":140,"column":32},"end":{"line":142,"column":41}},"28":{"start":{"line":160,"column":32},"end":{"line":162,"column":41}}},"fnMap":{"0":{"name":"EmployeeStaffModal","decl":{"start":{"line":12,"column":9},"end":{"line":12,"column":27}},"loc":{"start":{"line":14,"column":3},"end":{"line":186,"column":1}},"line":14},"1":{"name":"(anonymous_1)","decl":{"start":{"line":19,"column":14},"end":{"line":19,"column":15}},"loc":{"start":{"line":19,"column":20},"end":{"line":32,"column":5}},"line":19},"2":{"name":"(anonymous_2)","decl":{"start":{"line":34,"column":25},"end":{"line":34,"column":26}},"loc":{"start":{"line":34,"column":32},"end":{"line":37,"column":5}},"line":34},"3":{"name":"(anonymous_3)","decl":{"start":{"line":36,"column":16},"end":{"line":36,"column":17}},"loc":{"start":{"line":36,"column":27},"end":{"line":36,"column":53}},"line":36},"4":{"name":"(anonymous_4)","decl":{"start":{"line":39,"column":25},"end":{"line":39,"column":26}},"loc":{"start":{"line":39,"column":38},"end":{"line":55,"column":5}},"line":39},"5":{"name":"(anonymous_5)","decl":{"start":{"line":57,"column":25},"end":{"line":57,"column":26}},"loc":{"start":{"line":57,"column":37},"end":{"line":65,"column":5}},"line":57},"6":{"name":"(anonymous_6)","decl":{"start":{"line":139,"column":43},"end":{"line":139,"column":44}},"loc":{"start":{"line":140,"column":32},"end":{"line":142,"column":41}},"line":140},"7":{"name":"(anonymous_7)","decl":{"start":{"line":159,"column":41},"end":{"line":159,"column":42}},"loc":{"start":{"line":160,"column":32},"end":{"line":162,"column":41}},"line":160}},"branchMap":{"0":{"loc":{"start":{"line":20,"column":8},"end":{"line":31,"column":9}},"type":"if","locations":[{"start":{"line":20,"column":8},"end":{"line":31,"column":9}},{"start":{"line":29,"column":15},"end":{"line":31,"column":9}}],"line":20},"1":{"loc":{"start":{"line":22,"column":27},"end":{"line":22,"column":47}},"type":"binary-expr","locations":[{"start":{"line":22,"column":27},"end":{"line":22,"column":41}},{"start":{"line":22,"column":45},"end":{"line":22,"column":47}}],"line":22},"2":{"loc":{"start":{"line":23,"column":26},"end":{"line":23,"column":45}},"type":"binary-expr","locations":[{"start":{"line":23,"column":26},"end":{"line":23,"column":39}},{"start":{"line":23,"column":43},"end":{"line":23,"column":45}}],"line":23},"3":{"loc":{"start":{"line":24,"column":29},"end":{"line":24,"column":51}},"type":"binary-expr","locations":[{"start":{"line":24,"column":29},"end":{"line":24,"column":45}},{"start":{"line":24,"column":49},"end":{"line":24,"column":51}}],"line":24},"4":{"loc":{"start":{"line":25,"column":23},"end":{"line":25,"column":39}},"type":"binary-expr","locations":[{"start":{"line":25,"column":23},"end":{"line":25,"column":33}},{"start":{"line":25,"column":37},"end":{"line":25,"column":39}}],"line":25},"5":{"loc":{"start":{"line":26,"column":28},"end":{"line":26,"column":80}},"type":"binary-expr","locations":[{"start":{"line":26,"column":28},"end":{"line":26,"column":55}},{"start":{"line":26,"column":59},"end":{"line":26,"column":74}},{"start":{"line":26,"column":78},"end":{"line":26,"column":80}}],"line":26},"6":{"loc":{"start":{"line":27,"column":33},"end":{"line":27,"column":100}},"type":"binary-expr","locations":[{"start":{"line":27,"column":33},"end":{"line":27,"column":70}},{"start":{"line":27,"column":74},"end":{"line":27,"column":94}},{"start":{"line":27,"column":98},"end":{"line":27,"column":100}}],"line":27},"7":{"loc":{"start":{"line":47,"column":23},"end":{"line":47,"column":41}},"type":"binary-expr","locations":[{"start":{"line":47,"column":23},"end":{"line":47,"column":33}},{"start":{"line":47,"column":37},"end":{"line":47,"column":41}}],"line":47},"8":{"loc":{"start":{"line":58,"column":8},"end":{"line":58,"column":86}},"type":"if","locations":[{"start":{"line":58,"column":8},"end":{"line":58,"column":86}},{"start":{},"end":{}}],"line":58},"9":{"loc":{"start":{"line":72,"column":25},"end":{"line":72,"column":83}},"type":"cond-expr","locations":[{"start":{"line":72,"column":34},"end":{"line":72,"column":60}},{"start":{"line":72,"column":63},"end":{"line":72,"column":83}}],"line":72},"10":{"loc":{"start":{"line":167,"column":21},"end":{"line":167,"column":67}},"type":"binary-expr","locations":[{"start":{"line":167,"column":21},"end":{"line":167,"column":26}},{"start":{"line":167,"column":30},"end":{"line":167,"column":67}}],"line":167},"11":{"loc":{"start":{"line":171,"column":29},"end":{"line":171,"column":61}},"type":"cond-expr","locations":[{"start":{"line":171,"column":38},"end":{"line":171,"column":48}},{"start":{"line":171,"column":51},"end":{"line":171,"column":61}}],"line":171},"12":{"loc":{"start":{"line":173,"column":25},"end":{"line":177,"column":25}},"type":"binary-expr","locations":[{"start":{"line":173,"column":25},"end":{"line":173,"column":31}},{"start":{"line":173,"column":35},"end":{"line":173,"column":42}},{"start":{"line":174,"column":28},"end":{"line":176,"column":37}}],"line":173}},"s":{"0":2,"1":11,"2":11,"3":11,"4":11,"5":3,"6":1,"7":2,"8":11,"9":5,"10":5,"11":5,"12":11,"13":1,"14":1,"15":1,"16":1,"17":1,"18":0,"19":11,"20":1,"21":0,"22":1,"23":1,"24":1,"25":0,"26":11,"27":11,"28":11},"f":{"0":11,"1":3,"2":5,"3":5,"4":1,"5":1,"6":11,"7":11},"b":{"0":[1,2],"1":[1,0],"2":[1,0],"3":[1,1],"4":[1,1],"5":[1,1,1],"6":[1,1,1],"7":[1,1],"8":[0,1],"9":[2,9],"10":[11,0],"11":[2,9],"12":[11,2,2]},"_coverageSchema":"1a1c01bbd47fc00a2c39e90264f33305004495a9","hash":"ebe7758b9fbbab4672ba95ff04d968529a64e751"}
,"C:\\Users\\tusen\\Desktop\\uni\\Server\\spa\\src\\components\\Layout.jsx": {"path":"C:\\Users\\tusen\\Desktop\\uni\\Server\\spa\\src\\components\\Layout.jsx","statementMap":{"0":{"start":{"line":6,"column":4},"end":{"line":13,"column":6}}},"fnMap":{"0":{"name":"Layout","decl":{"start":{"line":5,"column":9},"end":{"line":5,"column":15}},"loc":{"start":{"line":5,"column":18},"end":{"line":14,"column":1}},"line":5}},"branchMap":{},"s":{"0":0},"f":{"0":0},"b":{}}
,"C:\\Users\\tusen\\Desktop\\uni\\Server\\spa\\src\\components\\Navbar.jsx": {"path":"C:\\Users\\tusen\\Desktop\\uni\\Server\\spa\\src\\components\\Navbar.jsx","statementMap":{"0":{"start":{"line":6,"column":18},"end":{"line":14,"column":1}},"1":{"start":{"line":19,"column":8},"end":{"line":19,"column":17}},"2":{"start":{"line":20,"column":21},"end":{"line":20,"column":34}},"3":{"start":{"line":21,"column":34},"end":{"line":21,"column":46}},"4":{"start":{"line":23,"column":4},"end":{"line":28,"column":22}},"5":{"start":{"line":24,"column":8},"end":{"line":27,"column":9}},"6":{"start":{"line":25,"column":12},"end":{"line":26,"column":73}},"7":{"start":{"line":26,"column":29},"end":{"line":26,"column":55}},"8":{"start":{"line":30,"column":25},"end":{"line":33,"column":5}},"9":{"start":{"line":31,"column":8},"end":{"line":31,"column":17}},"10":{"start":{"line":32,"column":8},"end":{"line":32,"column":27}},"11":{"start":{"line":35,"column":24},"end":{"line":35,"column":95}},"12":{"start":{"line":35,"column":43},"end":{"line":35,"column":94}},"13":{"start":{"line":37,"column":4},"end":{"line":81,"column":6}},"14":{"start":{"line":47,"column":45},"end":{"line":47,"column":68}},"15":{"start":{"line":48,"column":24},"end":{"line":50,"column":34}},"16":{"start":{"line":63,"column":45},"end":{"line":63,"column":86}},"17":{"start":{"line":67,"column":32},"end":{"line":69,"column":41}}},"fnMap":{"0":{"name":"Navbar","decl":{"start":{"line":16,"column":9},"end":{"line":16,"column":15}},"loc":{"start":{"line":16,"column":18},"end":{"line":82,"column":1}},"line":16},"1":{"name":"(anonymous_1)","decl":{"start":{"line":23,"column":14},"end":{"line":23,"column":15}},"loc":{"start":{"line":23,"column":20},"end":{"line":28,"column":5}},"line":23},"2":{"name":"(anonymous_2)","decl":{"start":{"line":26,"column":22},"end":{"line":26,"column":23}},"loc":{"start":{"line":26,"column":29},"end":{"line":26,"column":55}},"line":26},"3":{"name":"(anonymous_3)","decl":{"start":{"line":26,"column":63},"end":{"line":26,"column":64}},"loc":{"start":{"line":26,"column":69},"end":{"line":26,"column":71}},"line":26},"4":{"name":"(anonymous_4)","decl":{"start":{"line":30,"column":25},"end":{"line":30,"column":26}},"loc":{"start":{"line":30,"column":31},"end":{"line":33,"column":5}},"line":30},"5":{"name":"(anonymous_5)","decl":{"start":{"line":35,"column":24},"end":{"line":35,"column":25}},"loc":{"start":{"line":35,"column":43},"end":{"line":35,"column":94}},"line":35},"6":{"name":"(anonymous_6)","decl":{"start":{"line":47,"column":38},"end":{"line":47,"column":39}},"loc":{"start":{"line":47,"column":45},"end":{"line":47,"column":68}},"line":47},"7":{"name":"(anonymous_7)","decl":{"start":{"line":47,"column":74},"end":{"line":47,"column":75}},"loc":{"start":{"line":48,"column":24},"end":{"line":50,"column":34}},"line":48},"8":{"name":"(anonymous_8)","decl":{"start":{"line":63,"column":38},"end":{"line":63,"column":39}},"loc":{"start":{"line":63,"column":45},"end":{"line":63,"column":86}},"line":63},"9":{"name":"(anonymous_9)","decl":{"start":{"line":66,"column":41},"end":{"line":66,"column":42}},"loc":{"start":{"line":67,"column":32},"end":{"line":69,"column":41}},"line":67}},"branchMap":{"0":{"loc":{"start":{"line":24,"column":8},"end":{"line":27,"column":9}},"type":"if","locations":[{"start":{"line":24,"column":8},"end":{"line":27,"column":9}},{"start":{},"end":{}}],"line":24},"1":{"loc":{"start":{"line":26,"column":40},"end":{"line":26,"column":54}},"type":"binary-expr","locations":[{"start":{"line":26,"column":40},"end":{"line":26,"column":49}},{"start":{"line":26,"column":53},"end":{"line":26,"column":54}}],"line":26},"2":{"loc":{"start":{"line":35,"column":43},"end":{"line":35,"column":94}},"type":"cond-expr","locations":[{"start":{"line":35,"column":54},"end":{"line":35,"column":81}},{"start":{"line":35,"column":84},"end":{"line":35,"column":94}}],"line":35},"3":{"loc":{"start":{"line":47,"column":45},"end":{"line":47,"column":68}},"type":"binary-expr","locations":[{"start":{"line":47,"column":45},"end":{"line":47,"column":57}},{"start":{"line":47,"column":61},"end":{"line":47,"column":68}}],"line":47},"4":{"loc":{"start":{"line":62,"column":35},"end":{"line":62,"column":49}},"type":"binary-expr","locations":[{"start":{"line":62,"column":35},"end":{"line":62,"column":43}},{"start":{"line":62,"column":47},"end":{"line":62,"column":49}}],"line":62},"5":{"loc":{"start":{"line":63,"column":55},"end":{"line":63,"column":85}},"type":"binary-expr","locations":[{"start":{"line":63,"column":55},"end":{"line":63,"column":77}},{"start":{"line":63,"column":81},"end":{"line":63,"column":85}}],"line":63}},"s":{"0":1,"1":3,"2":3,"3":3,"4":3,"5":2,"6":1,"7":1,"8":3,"9":1,"10":1,"11":3,"12":20,"13":3,"14":21,"15":20,"16":0,"17":1},"f":{"0":3,"1":2,"2":1,"3":0,"4":1,"5":20,"6":21,"7":20,"8":0,"9":1},"b":{"0":[1,1],"1":[1,1],"2":[0,20],"3":[21,3],"4":[3,3],"5":[0,0]},"_coverageSchema":"1a1c01bbd47fc00a2c39e90264f33305004495a9","hash":"49f3bf6e2649fda53ce851e69c7a961d9d3a992a"}
,"C:\\Users\\tusen\\Desktop\\uni\\Server\\spa\\src\\components\\Pagination.jsx": {"path":"C:\\Users\\tusen\\Desktop\\uni\\Server\\spa\\src\\components\\Pagination.jsx","statementMap":{"0":{"start":{"line":4,"column":4},"end":{"line":4,"column":37}},"1":{"start":{"line":4,"column":25},"end":{"line":4,"column":37}},"2":{"start":{"line":6,"column":18},"end":{"line":6,"column":20}},"3":{"start":{"line":7,"column":18},"end":{"line":7,"column":19}},"4":{"start":{"line":8,"column":17},"end":{"line":8,"column":42}},"5":{"start":{"line":9,"column":18},"end":{"line":9,"column":52}},"6":{"start":{"line":11,"column":4},"end":{"line":13,"column":5}},"7":{"start":{"line":11,"column":17},"end":{"line":11,"column":21}},"8":{"start":{"line":12,"column":8},"end":{"line":12,"column":22}},"9":{"start":{"line":15,"column":4},"end":{"line":74,"column":6}},"10":{"start":{"line":20,"column":31},"end":{"line":20,"column":47}},"11":{"start":{"line":31,"column":39},"end":{"line":31,"column":48}},"12":{"start":{"line":40,"column":16},"end":{"line":47,"column":25}},"13":{"start":{"line":44,"column":35},"end":{"line":44,"column":44}},"14":{"start":{"line":58,"column":39},"end":{"line":58,"column":57}},"15":{"start":{"line":68,"column":31},"end":{"line":68,"column":47}}},"fnMap":{"0":{"name":"Pagination","decl":{"start":{"line":3,"column":9},"end":{"line":3,"column":19}},"loc":{"start":{"line":3,"column":50},"end":{"line":75,"column":1}},"line":3},"1":{"name":"(anonymous_1)","decl":{"start":{"line":20,"column":25},"end":{"line":20,"column":26}},"loc":{"start":{"line":20,"column":31},"end":{"line":20,"column":47}},"line":20},"2":{"name":"(anonymous_2)","decl":{"start":{"line":31,"column":33},"end":{"line":31,"column":34}},"loc":{"start":{"line":31,"column":39},"end":{"line":31,"column":48}},"line":31},"3":{"name":"(anonymous_3)","decl":{"start":{"line":39,"column":23},"end":{"line":39,"column":24}},"loc":{"start":{"line":40,"column":16},"end":{"line":47,"column":25}},"line":40},"4":{"name":"(anonymous_4)","decl":{"start":{"line":44,"column":29},"end":{"line":44,"column":30}},"loc":{"start":{"line":44,"column":35},"end":{"line":44,"column":44}},"line":44},"5":{"name":"(anonymous_5)","decl":{"start":{"line":58,"column":33},"end":{"line":58,"column":34}},"loc":{"start":{"line":58,"column":39},"end":{"line":58,"column":57}},"line":58},"6":{"name":"(anonymous_6)","decl":{"start":{"line":68,"column":25},"end":{"line":68,"column":26}},"loc":{"start":{"line":68,"column":31},"end":{"line":68,"column":47}},"line":68}},"branchMap":{"0":{"loc":{"start":{"line":4,"column":4},"end":{"line":4,"column":37}},"type":"if","locations":[{"start":{"line":4,"column":4},"end":{"line":4,"column":37}},{"start":{},"end":{}}],"line":4},"1":{"loc":{"start":{"line":26,"column":13},"end":{"line":37,"column":13}},"type":"binary-expr","locations":[{"start":{"line":26,"column":13},"end":{"line":26,"column":21}},{"start":{"line":27,"column":16},"end":{"line":36,"column":19}}],"line":26},"2":{"loc":{"start":{"line":35,"column":21},"end":{"line":35,"column":76}},"type":"binary-expr","locations":[{"start":{"line":35,"column":21},"end":{"line":35,"column":29}},{"start":{"line":35,"column":33},"end":{"line":35,"column":76}}],"line":35},"3":{"loc":{"start":{"line":43,"column":49},"end":{"line":43,"column":93}},"type":"cond-expr","locations":[{"start":{"line":43,"column":62},"end":{"line":43,"column":88}},{"start":{"line":43,"column":91},"end":{"line":43,"column":93}}],"line":43},"4":{"loc":{"start":{"line":50,"column":13},"end":{"line":63,"column":13}},"type":"binary-expr","locations":[{"start":{"line":50,"column":13},"end":{"line":50,"column":31}},{"start":{"line":51,"column":16},"end":{"line":62,"column":19}}],"line":50},"5":{"loc":{"start":{"line":52,"column":21},"end":{"line":54,"column":21}},"type":"binary-expr","locations":[{"start":{"line":52,"column":21},"end":{"line":52,"column":43}},{"start":{"line":53,"column":24},"end":{"line":53,"column":67}}],"line":52}},"s":{"0":20,"1":7,"2":13,"3":13,"4":13,"5":13,"6":13,"7":13,"8":20,"9":13,"10":1,"11":0,"12":20,"13":1,"14":0,"15":0},"f":{"0":20,"1":1,"2":0,"3":20,"4":1,"5":0,"6":0},"b":{"0":[7,13],"1":[13,2],"2":[2,2],"3":[5,15],"4":[13,3],"5":[3,2]},"_coverageSchema":"1a1c01bbd47fc00a2c39e90264f33305004495a9","hash":"a30f986dac9378de2c289efb5de4c84b4a03cc5d"}
,"C:\\Users\\tusen\\Desktop\\uni\\Server\\spa\\src\\components\\PartModal.jsx": {"path":"C:\\Users\\tusen\\Desktop\\uni\\Server\\spa\\src\\components\\PartModal.jsx","statementMap":{"0":{"start":{"line":3,"column":14},"end":{"line":7,"column":1}},"1":{"start":{"line":12,"column":19},"end":{"line":12,"column":25}},"2":{"start":{"line":13,"column":28},"end":{"line":13,"column":43}},"3":{"start":{"line":14,"column":30},"end":{"line":14,"column":42}},"4":{"start":{"line":16,"column":4},"end":{"line":22,"column":15}},"5":{"start":{"line":17,"column":8},"end":{"line":21,"column":19}},"6":{"start":{"line":24,"column":25},"end":{"line":27,"column":5}},"7":{"start":{"line":25,"column":32},"end":{"line":25,"column":40}},"8":{"start":{"line":26,"column":8},"end":{"line":26,"column":56}},"9":{"start":{"line":26,"column":27},"end":{"line":26,"column":53}},"10":{"start":{"line":29,"column":25},"end":{"line":42,"column":5}},"11":{"start":{"line":30,"column":8},"end":{"line":30,"column":27}},"12":{"start":{"line":31,"column":8},"end":{"line":31,"column":21}},"13":{"start":{"line":32,"column":8},"end":{"line":41,"column":9}},"14":{"start":{"line":33,"column":12},"end":{"line":37,"column":15}},"15":{"start":{"line":38,"column":12},"end":{"line":38,"column":22}},"16":{"start":{"line":40,"column":12},"end":{"line":40,"column":34}},"17":{"start":{"line":44,"column":25},"end":{"line":52,"column":5}},"18":{"start":{"line":45,"column":8},"end":{"line":45,"column":79}},"19":{"start":{"line":45,"column":72},"end":{"line":45,"column":79}},"20":{"start":{"line":46,"column":8},"end":{"line":51,"column":9}},"21":{"start":{"line":47,"column":12},"end":{"line":47,"column":40}},"22":{"start":{"line":48,"column":12},"end":{"line":48,"column":22}},"23":{"start":{"line":50,"column":12},"end":{"line":50,"column":34}},"24":{"start":{"line":54,"column":4},"end":{"line":123,"column":6}}},"fnMap":{"0":{"name":"PartModal","decl":{"start":{"line":9,"column":9},"end":{"line":9,"column":18}},"loc":{"start":{"line":11,"column":3},"end":{"line":124,"column":1}},"line":11},"1":{"name":"(anonymous_1)","decl":{"start":{"line":16,"column":14},"end":{"line":16,"column":15}},"loc":{"start":{"line":16,"column":20},"end":{"line":22,"column":5}},"line":16},"2":{"name":"(anonymous_2)","decl":{"start":{"line":24,"column":25},"end":{"line":24,"column":26}},"loc":{"start":{"line":24,"column":32},"end":{"line":27,"column":5}},"line":24},"3":{"name":"(anonymous_3)","decl":{"start":{"line":26,"column":16},"end":{"line":26,"column":17}},"loc":{"start":{"line":26,"column":27},"end":{"line":26,"column":53}},"line":26},"4":{"name":"(anonymous_4)","decl":{"start":{"line":29,"column":25},"end":{"line":29,"column":26}},"loc":{"start":{"line":29,"column":38},"end":{"line":42,"column":5}},"line":29},"5":{"name":"(anonymous_5)","decl":{"start":{"line":44,"column":25},"end":{"line":44,"column":26}},"loc":{"start":{"line":44,"column":37},"end":{"line":52,"column":5}},"line":44}},"branchMap":{"0":{"loc":{"start":{"line":17,"column":16},"end":{"line":21,"column":17}},"type":"cond-expr","locations":[{"start":{"line":17,"column":23},"end":{"line":21,"column":9}},{"start":{"line":21,"column":12},"end":{"line":21,"column":17}}],"line":17},"1":{"loc":{"start":{"line":18,"column":22},"end":{"line":18,"column":41}},"type":"binary-expr","locations":[{"start":{"line":18,"column":22},"end":{"line":18,"column":35}},{"start":{"line":18,"column":39},"end":{"line":18,"column":41}}],"line":18},"2":{"loc":{"start":{"line":19,"column":26},"end":{"line":19,"column":49}},"type":"binary-expr","locations":[{"start":{"line":19,"column":26},"end":{"line":19,"column":43}},{"start":{"line":19,"column":47},"end":{"line":19,"column":49}}],"line":19},"3":{"loc":{"start":{"line":20,"column":18},"end":{"line":20,"column":33}},"type":"binary-expr","locations":[{"start":{"line":20,"column":18},"end":{"line":20,"column":27}},{"start":{"line":20,"column":31},"end":{"line":20,"column":33}}],"line":20},"4":{"loc":{"start":{"line":45,"column":8},"end":{"line":45,"column":79}},"type":"if","locations":[{"start":{"line":45,"column":8},"end":{"line":45,"column":79}},{"start":{},"end":{}}],"line":45},"5":{"loc":{"start":{"line":59,"column":25},"end":{"line":59,"column":77}},"type":"cond-expr","locations":[{"start":{"line":59,"column":34},"end":{"line":59,"column":57}},{"start":{"line":59,"column":60},"end":{"line":59,"column":77}}],"line":59},"6":{"loc":{"start":{"line":105,"column":21},"end":{"line":105,"column":67}},"type":"binary-expr","locations":[{"start":{"line":105,"column":21},"end":{"line":105,"column":26}},{"start":{"line":105,"column":30},"end":{"line":105,"column":67}}],"line":105},"7":{"loc":{"start":{"line":109,"column":29},"end":{"line":109,"column":61}},"type":"cond-expr","locations":[{"start":{"line":109,"column":38},"end":{"line":109,"column":48}},{"start":{"line":109,"column":51},"end":{"line":109,"column":61}}],"line":109},"8":{"loc":{"start":{"line":111,"column":25},"end":{"line":115,"column":25}},"type":"binary-expr","locations":[{"start":{"line":111,"column":25},"end":{"line":111,"column":31}},{"start":{"line":112,"column":28},"end":{"line":114,"column":37}}],"line":111}},"s":{"0":2,"1":8,"2":8,"3":8,"4":8,"5":2,"6":8,"7":3,"8":3,"9":3,"10":8,"11":1,"12":1,"13":1,"14":1,"15":1,"16":0,"17":8,"18":1,"19":0,"20":1,"21":1,"22":1,"23":0,"24":8},"f":{"0":8,"1":2,"2":3,"3":3,"4":1,"5":1},"b":{"0":[1,1],"1":[1,0],"2":[1,1],"3":[1,1],"4":[0,1],"5":[2,6],"6":[8,0],"7":[2,6],"8":[8,2]},"_coverageSchema":"1a1c01bbd47fc00a2c39e90264f33305004495a9","hash":"5caea0dc2a1c54ed41b6996650754b74a1c22ff1"}
,"C:\\Users\\tusen\\Desktop\\uni\\Server\\spa\\src\\components\\PrivateRoute.jsx": {"path":"C:\\Users\\tusen\\Desktop\\uni\\Server\\spa\\src\\components\\PrivateRoute.jsx","statementMap":{"0":{"start":{"line":7,"column":32},"end":{"line":7,"column":41}},"1":{"start":{"line":8,"column":4},"end":{"line":8,"column":73}}},"fnMap":{"0":{"name":"PrivateRoute","decl":{"start":{"line":6,"column":9},"end":{"line":6,"column":21}},"loc":{"start":{"line":6,"column":36},"end":{"line":9,"column":1}},"line":6}},"branchMap":{"0":{"loc":{"start":{"line":8,"column":11},"end":{"line":8,"column":72}},"type":"cond-expr","locations":[{"start":{"line":8,"column":29},"end":{"line":8,"column":37}},{"start":{"line":8,"column":40},"end":{"line":8,"column":72}}],"line":8}},"s":{"0":0,"1":0},"f":{"0":0},"b":{"0":[0,0]}}
,"C:\\Users\\tusen\\Desktop\\uni\\Server\\spa\\src\\components\\RepairDetailModal.jsx": {"path":"C:\\Users\\tusen\\Desktop\\uni\\Server\\spa\\src\\components\\RepairDetailModal.jsx","statementMap":{"0":{"start":{"line":4,"column":19},"end":{"line":10,"column":1}},"1":{"start":{"line":15,"column":16},"end":{"line":15,"column":81}},"2":{"start":{"line":15,"column":37},"end":{"line":15,"column":80}},"3":{"start":{"line":16,"column":16},"end":{"line":16,"column":72}},"4":{"start":{"line":16,"column":34},"end":{"line":16,"column":71}},"5":{"start":{"line":18,"column":4},"end":{"line":22,"column":5}},"6":{"start":{"line":19,"column":8},"end":{"line":19,"column":65}},"7":{"start":{"line":21,"column":8},"end":{"line":21,"column":62}},"8":{"start":{"line":23,"column":22},"end":{"line":23,"column":60}},"9":{"start":{"line":24,"column":23},"end":{"line":24,"column":70}},"10":{"start":{"line":25,"column":17},"end":{"line":27,"column":13}},"11":{"start":{"line":29,"column":4},"end":{"line":47,"column":6}},"12":{"start":{"line":41,"column":35},"end":{"line":41,"column":61}},"13":{"start":{"line":51,"column":34},"end":{"line":51,"column":46}},"14":{"start":{"line":52,"column":36},"end":{"line":52,"column":48}},"15":{"start":{"line":53,"column":30},"end":{"line":53,"column":42}},"16":{"start":{"line":54,"column":34},"end":{"line":54,"column":48}},"17":{"start":{"line":55,"column":28},"end":{"line":55,"column":48}},"18":{"start":{"line":56,"column":30},"end":{"line":56,"column":42}},"19":{"start":{"line":57,"column":32},"end":{"line":57,"column":47}},"20":{"start":{"line":59,"column":21},"end":{"line":59,"column":44}},"21":{"start":{"line":61,"column":4},"end":{"line":83,"column":32}},"22":{"start":{"line":62,"column":8},"end":{"line":62,"column":25}},"23":{"start":{"line":63,"column":8},"end":{"line":82,"column":11}},"24":{"start":{"line":68,"column":31},"end":{"line":69,"column":57}},"25":{"start":{"line":70,"column":32},"end":{"line":70,"column":81}},"26":{"start":{"line":71,"column":29},"end":{"line":71,"column":75}},"27":{"start":{"line":72,"column":25},"end":{"line":74,"column":13}},"28":{"start":{"line":73,"column":23},"end":{"line":73,"column":54}},"29":{"start":{"line":75,"column":12},"end":{"line":75,"column":29}},"30":{"start":{"line":76,"column":12},"end":{"line":76,"column":37}},"31":{"start":{"line":77,"column":12},"end":{"line":77,"column":31}},"32":{"start":{"line":79,"column":12},"end":{"line":79,"column":61}},"33":{"start":{"line":81,"column":12},"end":{"line":81,"column":30}},"34":{"start":{"line":85,"column":29},"end":{"line":94,"column":5}},"35":{"start":{"line":86,"column":32},"end":{"line":86,"column":40}},"36":{"start":{"line":87,"column":8},"end":{"line":92,"column":9}},"37":{"start":{"line":88,"column":12},"end":{"line":90,"column":16}},"38":{"start":{"line":88,"column":31},"end":{"line":90,"column":13}},"39":{"start":{"line":91,"column":12},"end":{"line":91,"column":19}},"40":{"start":{"line":93,"column":8},"end":{"line":93,"column":56}},"41":{"start":{"line":93,"column":27},"end":{"line":93,"column":53}},"42":{"start":{"line":96,"column":26},"end":{"line":131,"column":5}},"43":{"start":{"line":97,"column":8},"end":{"line":97,"column":27}},"44":{"start":{"line":98,"column":8},"end":{"line":98,"column":21}},"45":{"start":{"line":100,"column":26},"end":{"line":100,"column":49}},"46":{"start":{"line":101,"column":27},"end":{"line":101,"column":67}},"47":{"start":{"line":102,"column":8},"end":{"line":106,"column":9}},"48":{"start":{"line":103,"column":24},"end":{"line":103,"column":76}},"49":{"start":{"line":104,"column":12},"end":{"line":104,"column":26}},"50":{"start":{"line":105,"column":12},"end":{"line":105,"column":19}},"51":{"start":{"line":108,"column":24},"end":{"line":111,"column":9}},"52":{"start":{"line":112,"column":8},"end":{"line":116,"column":9}},"53":{"start":{"line":113,"column":12},"end":{"line":113,"column":51}},"54":{"start":{"line":115,"column":12},"end":{"line":115,"column":48}},"55":{"start":{"line":117,"column":8},"end":{"line":119,"column":9}},"56":{"start":{"line":118,"column":12},"end":{"line":118,"column":69}},"57":{"start":{"line":121,"column":8},"end":{"line":121,"column":24}},"58":{"start":{"line":122,"column":8},"end":{"line":130,"column":9}},"59":{"start":{"line":123,"column":28},"end":{"line":123,"column":79}},"60":{"start":{"line":124,"column":12},"end":{"line":124,"column":53}},"61":{"start":{"line":124,"column":33},"end":{"line":124,"column":51}},"62":{"start":{"line":125,"column":12},"end":{"line":125,"column":32}},"63":{"start":{"line":127,"column":12},"end":{"line":127,"column":65}},"64":{"start":{"line":129,"column":12},"end":{"line":129,"column":29}},"65":{"start":{"line":133,"column":29},"end":{"line":142,"column":5}},"66":{"start":{"line":134,"column":8},"end":{"line":134,"column":55}},"67":{"start":{"line":134,"column":48},"end":{"line":134,"column":55}},"68":{"start":{"line":135,"column":8},"end":{"line":135,"column":21}},"69":{"start":{"line":136,"column":8},"end":{"line":141,"column":9}},"70":{"start":{"line":137,"column":12},"end":{"line":137,"column":59}},"71":{"start":{"line":138,"column":12},"end":{"line":138,"column":78}},"72":{"start":{"line":138,"column":33},"end":{"line":138,"column":76}},"73":{"start":{"line":138,"column":52},"end":{"line":138,"column":75}},"74":{"start":{"line":140,"column":12},"end":{"line":140,"column":67}},"75":{"start":{"line":144,"column":22},"end":{"line":156,"column":9}},"76":{"start":{"line":145,"column":23},"end":{"line":145,"column":24}},"77":{"start":{"line":146,"column":8},"end":{"line":149,"column":9}},"78":{"start":{"line":147,"column":24},"end":{"line":147,"column":89}},"79":{"start":{"line":147,"column":45},"end":{"line":147,"column":88}},"80":{"start":{"line":148,"column":12},"end":{"line":148,"column":65}},"81":{"start":{"line":150,"column":8},"end":{"line":153,"column":9}},"82":{"start":{"line":151,"column":24},"end":{"line":151,"column":80}},"83":{"start":{"line":151,"column":42},"end":{"line":151,"column":79}},"84":{"start":{"line":152,"column":12},"end":{"line":152,"column":61}},"85":{"start":{"line":154,"column":8},"end":{"line":154,"column":71}},"86":{"start":{"line":154,"column":30},"end":{"line":154,"column":71}},"87":{"start":{"line":155,"column":8},"end":{"line":155,"column":30}},"88":{"start":{"line":158,"column":4},"end":{"line":337,"column":6}},"89":{"start":{"line":194,"column":40},"end":{"line":200,"column":42}},"90":{"start":{"line":269,"column":48},"end":{"line":271,"column":57}},"91":{"start":{"line":291,"column":48},"end":{"line":293,"column":57}}},"fnMap":{"0":{"name":"DetailRow","decl":{"start":{"line":12,"column":9},"end":{"line":12,"column":18}},"loc":{"start":{"line":14,"column":3},"end":{"line":48,"column":1}},"line":14},"1":{"name":"(anonymous_1)","decl":{"start":{"line":15,"column":30},"end":{"line":15,"column":31}},"loc":{"start":{"line":15,"column":37},"end":{"line":15,"column":80}},"line":15},"2":{"name":"(anonymous_2)","decl":{"start":{"line":16,"column":27},"end":{"line":16,"column":28}},"loc":{"start":{"line":16,"column":34},"end":{"line":16,"column":71}},"line":16},"3":{"name":"(anonymous_3)","decl":{"start":{"line":41,"column":29},"end":{"line":41,"column":30}},"loc":{"start":{"line":41,"column":35},"end":{"line":41,"column":61}},"line":41},"4":{"name":"RepairDetailModal","decl":{"start":{"line":50,"column":9},"end":{"line":50,"column":26}},"loc":{"start":{"line":50,"column":61},"end":{"line":338,"column":1}},"line":50},"5":{"name":"(anonymous_5)","decl":{"start":{"line":61,"column":14},"end":{"line":61,"column":15}},"loc":{"start":{"line":61,"column":20},"end":{"line":83,"column":5}},"line":61},"6":{"name":"(anonymous_6)","decl":{"start":{"line":67,"column":16},"end":{"line":67,"column":17}},"loc":{"start":{"line":67,"column":45},"end":{"line":78,"column":9}},"line":67},"7":{"name":"(anonymous_7)","decl":{"start":{"line":73,"column":16},"end":{"line":73,"column":17}},"loc":{"start":{"line":73,"column":23},"end":{"line":73,"column":54}},"line":73},"8":{"name":"(anonymous_8)","decl":{"start":{"line":78,"column":17},"end":{"line":78,"column":18}},"loc":{"start":{"line":78,"column":26},"end":{"line":80,"column":9}},"line":78},"9":{"name":"(anonymous_9)","decl":{"start":{"line":80,"column":19},"end":{"line":80,"column":20}},"loc":{"start":{"line":80,"column":25},"end":{"line":82,"column":9}},"line":80},"10":{"name":"(anonymous_10)","decl":{"start":{"line":85,"column":29},"end":{"line":85,"column":30}},"loc":{"start":{"line":85,"column":36},"end":{"line":94,"column":5}},"line":85},"11":{"name":"(anonymous_11)","decl":{"start":{"line":88,"column":20},"end":{"line":88,"column":21}},"loc":{"start":{"line":88,"column":31},"end":{"line":90,"column":13}},"line":88},"12":{"name":"(anonymous_12)","decl":{"start":{"line":93,"column":16},"end":{"line":93,"column":17}},"loc":{"start":{"line":93,"column":27},"end":{"line":93,"column":53}},"line":93},"13":{"name":"(anonymous_13)","decl":{"start":{"line":96,"column":26},"end":{"line":96,"column":27}},"loc":{"start":{"line":96,"column":39},"end":{"line":131,"column":5}},"line":96},"14":{"name":"(anonymous_14)","decl":{"start":{"line":124,"column":23},"end":{"line":124,"column":24}},"loc":{"start":{"line":124,"column":33},"end":{"line":124,"column":51}},"line":124},"15":{"name":"(anonymous_15)","decl":{"start":{"line":133,"column":29},"end":{"line":133,"column":30}},"loc":{"start":{"line":133,"column":43},"end":{"line":142,"column":5}},"line":133},"16":{"name":"(anonymous_16)","decl":{"start":{"line":138,"column":23},"end":{"line":138,"column":24}},"loc":{"start":{"line":138,"column":33},"end":{"line":138,"column":76}},"line":138},"17":{"name":"(anonymous_17)","decl":{"start":{"line":138,"column":45},"end":{"line":138,"column":46}},"loc":{"start":{"line":138,"column":52},"end":{"line":138,"column":75}},"line":138},"18":{"name":"(anonymous_18)","decl":{"start":{"line":144,"column":37},"end":{"line":144,"column":38}},"loc":{"start":{"line":144,"column":49},"end":{"line":156,"column":5}},"line":144},"19":{"name":"(anonymous_19)","decl":{"start":{"line":147,"column":38},"end":{"line":147,"column":39}},"loc":{"start":{"line":147,"column":45},"end":{"line":147,"column":88}},"line":147},"20":{"name":"(anonymous_20)","decl":{"start":{"line":151,"column":35},"end":{"line":151,"column":36}},"loc":{"start":{"line":151,"column":42},"end":{"line":151,"column":79}},"line":151},"21":{"name":"(anonymous_21)","decl":{"start":{"line":193,"column":49},"end":{"line":193,"column":50}},"loc":{"start":{"line":194,"column":40},"end":{"line":200,"column":42}},"line":194},"22":{"name":"(anonymous_22)","decl":{"start":{"line":268,"column":58},"end":{"line":268,"column":59}},"loc":{"start":{"line":269,"column":48},"end":{"line":271,"column":57}},"line":269},"23":{"name":"(anonymous_23)","decl":{"start":{"line":290,"column":55},"end":{"line":290,"column":56}},"loc":{"start":{"line":291,"column":48},"end":{"line":293,"column":57}},"line":291}},"branchMap":{"0":{"loc":{"start":{"line":18,"column":4},"end":{"line":22,"column":5}},"type":"if","locations":[{"start":{"line":18,"column":4},"end":{"line":22,"column":5}},{"start":{"line":20,"column":11},"end":{"line":22,"column":5}}],"line":18},"1":{"loc":{"start":{"line":19,"column":15},"end":{"line":19,"column":64}},"type":"cond-expr","locations":[{"start":{"line":19,"column":21},"end":{"line":19,"column":36}},{"start":{"line":19,"column":39},"end":{"line":19,"column":64}}],"line":19},"2":{"loc":{"start":{"line":21,"column":15},"end":{"line":21,"column":61}},"type":"cond-expr","locations":[{"start":{"line":21,"column":21},"end":{"line":21,"column":33}},{"start":{"line":21,"column":36},"end":{"line":21,"column":61}}],"line":21},"3":{"loc":{"start":{"line":23,"column":22},"end":{"line":23,"column":60}},"type":"cond-expr","locations":[{"start":{"line":23,"column":36},"end":{"line":23,"column":45}},{"start":{"line":23,"column":48},"end":{"line":23,"column":60}}],"line":23},"4":{"loc":{"start":{"line":24,"column":23},"end":{"line":24,"column":70}},"type":"cond-expr","locations":[{"start":{"line":24,"column":37},"end":{"line":24,"column":51}},{"start":{"line":24,"column":54},"end":{"line":24,"column":70}}],"line":24},"5":{"loc":{"start":{"line":25,"column":17},"end":{"line":27,"column":13}},"type":"cond-expr","locations":[{"start":{"line":26,"column":10},"end":{"line":26,"column":58}},{"start":{"line":27,"column":10},"end":{"line":27,"column":13}}],"line":25},"6":{"loc":{"start":{"line":68,"column":31},"end":{"line":69,"column":57}},"type":"cond-expr","locations":[{"start":{"line":69,"column":18},"end":{"line":69,"column":28}},{"start":{"line":69,"column":32},"end":{"line":69,"column":56}}],"line":68},"7":{"loc":{"start":{"line":69,"column":32},"end":{"line":69,"column":56}},"type":"binary-expr","locations":[{"start":{"line":69,"column":32},"end":{"line":69,"column":50}},{"start":{"line":69,"column":54},"end":{"line":69,"column":56}}],"line":69},"8":{"loc":{"start":{"line":70,"column":32},"end":{"line":70,"column":81}},"type":"cond-expr","locations":[{"start":{"line":70,"column":54},"end":{"line":70,"column":58}},{"start":{"line":70,"column":62},"end":{"line":70,"column":80}}],"line":70},"9":{"loc":{"start":{"line":70,"column":62},"end":{"line":70,"column":80}},"type":"binary-expr","locations":[{"start":{"line":70,"column":62},"end":{"line":70,"column":74}},{"start":{"line":70,"column":78},"end":{"line":70,"column":80}}],"line":70},"10":{"loc":{"start":{"line":71,"column":29},"end":{"line":71,"column":75}},"type":"cond-expr","locations":[{"start":{"line":71,"column":50},"end":{"line":71,"column":53}},{"start":{"line":71,"column":57},"end":{"line":71,"column":74}}],"line":71},"11":{"loc":{"start":{"line":71,"column":57},"end":{"line":71,"column":74}},"type":"binary-expr","locations":[{"start":{"line":71,"column":57},"end":{"line":71,"column":68}},{"start":{"line":71,"column":72},"end":{"line":71,"column":74}}],"line":71},"12":{"loc":{"start":{"line":87,"column":8},"end":{"line":92,"column":9}},"type":"if","locations":[{"start":{"line":87,"column":8},"end":{"line":92,"column":9}},{"start":{},"end":{}}],"line":87},"13":{"loc":{"start":{"line":101,"column":27},"end":{"line":101,"column":67}},"type":"cond-expr","locations":[{"start":{"line":101,"column":39},"end":{"line":101,"column":53}},{"start":{"line":101,"column":56},"end":{"line":101,"column":67}}],"line":101},"14":{"loc":{"start":{"line":102,"column":8},"end":{"line":106,"column":9}},"type":"if","locations":[{"start":{"line":102,"column":8},"end":{"line":106,"column":9}},{"start":{},"end":{}}],"line":102},"15":{"loc":{"start":{"line":103,"column":24},"end":{"line":103,"column":76}},"type":"cond-expr","locations":[{"start":{"line":103,"column":36},"end":{"line":103,"column":53}},{"start":{"line":103,"column":56},"end":{"line":103,"column":76}}],"line":103},"16":{"loc":{"start":{"line":112,"column":8},"end":{"line":116,"column":9}},"type":"if","locations":[{"start":{"line":112,"column":8},"end":{"line":116,"column":9}},{"start":{"line":114,"column":15},"end":{"line":116,"column":9}}],"line":112},"17":{"loc":{"start":{"line":117,"column":8},"end":{"line":119,"column":9}},"type":"if","locations":[{"start":{"line":117,"column":8},"end":{"line":119,"column":9}},{"start":{},"end":{}}],"line":117},"18":{"loc":{"start":{"line":127,"column":21},"end":{"line":127,"column":63}},"type":"binary-expr","locations":[{"start":{"line":127,"column":21},"end":{"line":127,"column":32}},{"start":{"line":127,"column":36},"end":{"line":127,"column":63}}],"line":127},"19":{"loc":{"start":{"line":134,"column":8},"end":{"line":134,"column":55}},"type":"if","locations":[{"start":{"line":134,"column":8},"end":{"line":134,"column":55}},{"start":{},"end":{}}],"line":134},"20":{"loc":{"start":{"line":140,"column":21},"end":{"line":140,"column":65}},"type":"binary-expr","locations":[{"start":{"line":140,"column":21},"end":{"line":140,"column":32}},{"start":{"line":140,"column":36},"end":{"line":140,"column":65}}],"line":140},"21":{"loc":{"start":{"line":146,"column":8},"end":{"line":149,"column":9}},"type":"if","locations":[{"start":{"line":146,"column":8},"end":{"line":149,"column":9}},{"start":{},"end":{}}],"line":146},"22":{"loc":{"start":{"line":148,"column":24},"end":{"line":148,"column":64}},"type":"cond-expr","locations":[{"start":{"line":148,"column":30},"end":{"line":148,"column":60}},{"start":{"line":148,"column":63},"end":{"line":148,"column":64}}],"line":148},"23":{"loc":{"start":{"line":150,"column":8},"end":{"line":153,"column":9}},"type":"if","locations":[{"start":{"line":150,"column":8},"end":{"line":153,"column":9}},{"start":{},"end":{}}],"line":150},"24":{"loc":{"start":{"line":152,"column":24},"end":{"line":152,"column":60}},"type":"cond-expr","locations":[{"start":{"line":152,"column":30},"end":{"line":152,"column":56}},{"start":{"line":152,"column":59},"end":{"line":152,"column":60}}],"line":152},"25":{"loc":{"start":{"line":154,"column":8},"end":{"line":154,"column":71}},"type":"if","locations":[{"start":{"line":154,"column":8},"end":{"line":154,"column":71}},{"start":{},"end":{}}],"line":154},"26":{"loc":{"start":{"line":172,"column":21},"end":{"line":176,"column":21}},"type":"binary-expr","locations":[{"start":{"line":172,"column":21},"end":{"line":172,"column":26}},{"start":{"line":173,"column":24},"end":{"line":175,"column":28}}],"line":172},"27":{"loc":{"start":{"line":178,"column":21},"end":{"line":333,"column":21}},"type":"cond-expr","locations":[{"start":{"line":179,"column":24},"end":{"line":179,"column":70}},{"start":{"line":181,"column":24},"end":{"line":332,"column":27}}],"line":178},"28":{"loc":{"start":{"line":202,"column":37},"end":{"line":208,"column":37}},"type":"binary-expr","locations":[{"start":{"line":202,"column":37},"end":{"line":202,"column":57}},{"start":{"line":203,"column":40},"end":{"line":207,"column":45}}],"line":202},"29":{"loc":{"start":{"line":253,"column":33},"end":{"line":297,"column":33}},"type":"cond-expr","locations":[{"start":{"line":254,"column":36},"end":{"line":274,"column":42}},{"start":{"line":276,"column":36},"end":{"line":296,"column":42}}],"line":253},"30":{"loc":{"start":{"line":321,"column":41},"end":{"line":321,"column":78}},"type":"cond-expr","locations":[{"start":{"line":321,"column":50},"end":{"line":321,"column":65}},{"start":{"line":321,"column":68},"end":{"line":321,"column":78}}],"line":321}},"s":{"0":2,"1":1,"2":1,"3":1,"4":1,"5":1,"6":1,"7":0,"8":1,"9":1,"10":1,"11":1,"12":0,"13":12,"14":12,"15":12,"16":12,"17":12,"18":12,"19":12,"20":12,"21":12,"22":3,"23":3,"24":3,"25":3,"26":3,"27":3,"28":0,"29":3,"30":3,"31":3,"32":0,"33":3,"34":12,"35":3,"36":3,"37":1,"38":1,"39":1,"40":2,"41":2,"42":12,"43":2,"44":2,"45":2,"46":2,"47":2,"48":1,"49":1,"50":1,"51":1,"52":1,"53":1,"54":0,"55":1,"56":0,"57":1,"58":1,"59":1,"60":1,"61":1,"62":1,"63":0,"64":1,"65":12,"66":0,"67":0,"68":0,"69":0,"70":0,"71":0,"72":0,"73":0,"74":0,"75":12,"76":1,"77":1,"78":1,"79":1,"80":1,"81":1,"82":0,"83":0,"84":0,"85":1,"86":0,"87":1,"88":12,"89":1,"90":9,"91":0},"f":{"0":1,"1":1,"2":1,"3":0,"4":12,"5":3,"6":3,"7":0,"8":0,"9":3,"10":3,"11":1,"12":2,"13":2,"14":1,"15":0,"16":0,"17":0,"18":1,"19":1,"20":0,"21":1,"22":9,"23":0},"b":{"0":[1,0],"1":[1,0],"2":[0,0],"3":[1,0],"4":[1,0],"5":[0,1],"6":[3,0],"7":[0,0],"8":[3,0],"9":[0,0],"10":[3,0],"11":[0,0],"12":[1,2],"13":[2,0],"14":[1,1],"15":[1,0],"16":[1,0],"17":[0,1],"18":[0,0],"19":[0,0],"20":[0,0],"21":[1,0],"22":[1,0],"23":[0,1],"24":[0,0],"25":[0,1],"26":[12,1],"27":[3,9],"28":[9,8],"29":[9,0],"30":[1,8]},"_coverageSchema":"1a1c01bbd47fc00a2c39e90264f33305004495a9","hash":"b10577f3401349bc8b02f4d443039aaca0741a0b"}
,"C:\\Users\\tusen\\Desktop\\uni\\Server\\spa\\src\\components\\RepairModal.jsx": {"path":"C:\\Users\\tusen\\Desktop\\uni\\Server\\spa\\src\\components\\RepairModal.jsx","statementMap":{"0":{"start":{"line":3,"column":31},"end":{"line":8,"column":1}},"1":{"start":{"line":10,"column":14},"end":{"line":17,"column":1}},"2":{"start":{"line":22,"column":19},"end":{"line":22,"column":25}},"3":{"start":{"line":23,"column":28},"end":{"line":23,"column":43}},"4":{"start":{"line":24,"column":30},"end":{"line":24,"column":42}},"5":{"start":{"line":28,"column":21},"end":{"line":32,"column":20}},"6":{"start":{"line":29,"column":8},"end":{"line":29,"column":38}},"7":{"start":{"line":29,"column":26},"end":{"line":29,"column":38}},"8":{"start":{"line":30,"column":23},"end":{"line":30,"column":69}},"9":{"start":{"line":30,"column":40},"end":{"line":30,"column":68}},"10":{"start":{"line":31,"column":8},"end":{"line":31,"column":53}},"11":{"start":{"line":34,"column":24},"end":{"line":38,"column":23}},"12":{"start":{"line":35,"column":8},"end":{"line":35,"column":44}},"13":{"start":{"line":35,"column":29},"end":{"line":35,"column":44}},"14":{"start":{"line":36,"column":23},"end":{"line":36,"column":81}},"15":{"start":{"line":36,"column":43},"end":{"line":36,"column":80}},"16":{"start":{"line":37,"column":8},"end":{"line":37,"column":62}},"17":{"start":{"line":40,"column":4},"end":{"line":58,"column":32}},"18":{"start":{"line":41,"column":8},"end":{"line":57,"column":9}},"19":{"start":{"line":42,"column":12},"end":{"line":51,"column":15}},"20":{"start":{"line":53,"column":12},"end":{"line":56,"column":15}},"21":{"start":{"line":60,"column":25},"end":{"line":63,"column":5}},"22":{"start":{"line":61,"column":32},"end":{"line":61,"column":40}},"23":{"start":{"line":62,"column":8},"end":{"line":62,"column":56}},"24":{"start":{"line":62,"column":27},"end":{"line":62,"column":53}},"25":{"start":{"line":65,"column":25},"end":{"line":81,"column":5}},"26":{"start":{"line":66,"column":8},"end":{"line":66,"column":27}},"27":{"start":{"line":67,"column":8},"end":{"line":67,"column":21}},"28":{"start":{"line":68,"column":8},"end":{"line":80,"column":9}},"29":{"start":{"line":69,"column":12},"end":{"line":76,"column":15}},"30":{"start":{"line":77,"column":12},"end":{"line":77,"column":22}},"31":{"start":{"line":79,"column":12},"end":{"line":79,"column":34}},"32":{"start":{"line":83,"column":25},"end":{"line":91,"column":5}},"33":{"start":{"line":84,"column":8},"end":{"line":84,"column":74}},"34":{"start":{"line":84,"column":67},"end":{"line":84,"column":74}},"35":{"start":{"line":85,"column":8},"end":{"line":90,"column":9}},"36":{"start":{"line":86,"column":12},"end":{"line":86,"column":42}},"37":{"start":{"line":87,"column":12},"end":{"line":87,"column":22}},"38":{"start":{"line":89,"column":12},"end":{"line":89,"column":34}},"39":{"start":{"line":93,"column":4},"end":{"line":229,"column":6}},"40":{"start":{"line":116,"column":32},"end":{"line":118,"column":41}},"41":{"start":{"line":135,"column":32},"end":{"line":137,"column":41}},"42":{"start":{"line":155,"column":32},"end":{"line":157,"column":41}},"43":{"start":{"line":202,"column":32},"end":{"line":202,"column":88}}},"fnMap":{"0":{"name":"RepairModal","decl":{"start":{"line":19,"column":9},"end":{"line":19,"column":20}},"loc":{"start":{"line":21,"column":3},"end":{"line":230,"column":1}},"line":21},"1":{"name":"(anonymous_1)","decl":{"start":{"line":28,"column":35},"end":{"line":28,"column":36}},"loc":{"start":{"line":28,"column":41},"end":{"line":32,"column":5}},"line":28},"2":{"name":"(anonymous_2)","decl":{"start":{"line":30,"column":33},"end":{"line":30,"column":34}},"loc":{"start":{"line":30,"column":40},"end":{"line":30,"column":68}},"line":30},"3":{"name":"(anonymous_3)","decl":{"start":{"line":34,"column":38},"end":{"line":34,"column":39}},"loc":{"start":{"line":34,"column":44},"end":{"line":38,"column":5}},"line":34},"4":{"name":"(anonymous_4)","decl":{"start":{"line":36,"column":36},"end":{"line":36,"column":37}},"loc":{"start":{"line":36,"column":43},"end":{"line":36,"column":80}},"line":36},"5":{"name":"(anonymous_5)","decl":{"start":{"line":40,"column":14},"end":{"line":40,"column":15}},"loc":{"start":{"line":40,"column":20},"end":{"line":58,"column":5}},"line":40},"6":{"name":"(anonymous_6)","decl":{"start":{"line":60,"column":25},"end":{"line":60,"column":26}},"loc":{"start":{"line":60,"column":32},"end":{"line":63,"column":5}},"line":60},"7":{"name":"(anonymous_7)","decl":{"start":{"line":62,"column":16},"end":{"line":62,"column":17}},"loc":{"start":{"line":62,"column":27},"end":{"line":62,"column":53}},"line":62},"8":{"name":"(anonymous_8)","decl":{"start":{"line":65,"column":25},"end":{"line":65,"column":26}},"loc":{"start":{"line":65,"column":38},"end":{"line":81,"column":5}},"line":65},"9":{"name":"(anonymous_9)","decl":{"start":{"line":83,"column":25},"end":{"line":83,"column":26}},"loc":{"start":{"line":83,"column":37},"end":{"line":91,"column":5}},"line":83},"10":{"name":"(anonymous_10)","decl":{"start":{"line":115,"column":45},"end":{"line":115,"column":46}},"loc":{"start":{"line":116,"column":32},"end":{"line":118,"column":41}},"line":116},"11":{"name":"(anonymous_11)","decl":{"start":{"line":134,"column":42},"end":{"line":134,"column":43}},"loc":{"start":{"line":135,"column":32},"end":{"line":137,"column":41}},"line":135},"12":{"name":"(anonymous_12)","decl":{"start":{"line":154,"column":41},"end":{"line":154,"column":42}},"loc":{"start":{"line":155,"column":32},"end":{"line":157,"column":41}},"line":155},"13":{"name":"(anonymous_13)","decl":{"start":{"line":201,"column":49},"end":{"line":201,"column":50}},"loc":{"start":{"line":202,"column":32},"end":{"line":202,"column":88}},"line":202}},"branchMap":{"0":{"loc":{"start":{"line":29,"column":8},"end":{"line":29,"column":38}},"type":"if","locations":[{"start":{"line":29,"column":8},"end":{"line":29,"column":38}},{"start":{},"end":{}}],"line":29},"1":{"loc":{"start":{"line":31,"column":15},"end":{"line":31,"column":52}},"type":"cond-expr","locations":[{"start":{"line":31,"column":24},"end":{"line":31,"column":28}},{"start":{"line":31,"column":31},"end":{"line":31,"column":52}}],"line":31},"2":{"loc":{"start":{"line":35,"column":8},"end":{"line":35,"column":44}},"type":"if","locations":[{"start":{"line":35,"column":8},"end":{"line":35,"column":44}},{"start":{},"end":{}}],"line":35},"3":{"loc":{"start":{"line":37,"column":15},"end":{"line":37,"column":61}},"type":"cond-expr","locations":[{"start":{"line":37,"column":24},"end":{"line":37,"column":31}},{"start":{"line":37,"column":34},"end":{"line":37,"column":61}}],"line":37},"4":{"loc":{"start":{"line":41,"column":8},"end":{"line":57,"column":9}},"type":"if","locations":[{"start":{"line":41,"column":8},"end":{"line":57,"column":9}},{"start":{"line":52,"column":15},"end":{"line":57,"column":9}}],"line":41},"5":{"loc":{"start":{"line":43,"column":30},"end":{"line":43,"column":67}},"type":"binary-expr","locations":[{"start":{"line":43,"column":30},"end":{"line":43,"column":47}},{"start":{"line":43,"column":51},"end":{"line":43,"column":61}},{"start":{"line":43,"column":65},"end":{"line":43,"column":67}}],"line":43},"6":{"loc":{"start":{"line":44,"column":33},"end":{"line":44,"column":79}},"type":"binary-expr","locations":[{"start":{"line":44,"column":33},"end":{"line":44,"column":56}},{"start":{"line":44,"column":60},"end":{"line":44,"column":73}},{"start":{"line"
[...]
":{"line":115,"column":51},"end":{"line":115,"column":65}},"line":115},"15":{"name":"(anonymous_15)","decl":{"start":{"line":122,"column":45},"end":{"line":122,"column":46}},"loc":{"start":{"line":122,"column":51},"end":{"line":122,"column":69}},"line":122},"16":{"name":"(anonymous_16)","decl":{"start":{"line":142,"column":29},"end":{"line":142,"column":30}},"loc":{"start":{"line":142,"column":35},"end":{"line":142,"column":52}},"line":142},"17":{"name":"(anonymous_17)","decl":{"start":{"line":155,"column":29},"end":{"line":155,"column":30}},"loc":{"start":{"line":155,"column":35},"end":{"line":155,"column":56}},"line":155}},"branchMap":{"0":{"loc":{"start":{"line":11,"column":29},"end":{"line":11,"column":39}},"type":"binary-expr","locations":[{"start":{"line":11,"column":29},"end":{"line":11,"column":32}},{"start":{"line":11,"column":36},"end":{"line":11,"column":39}}],"line":11},"1":{"loc":{"start":{"line":20,"column":11},"end":{"line":20,"column":46}},"type":"binary-expr","locations":[{"start":{"line":20,"column":11},"end":{"line":20,"column":19}},{"start":{"line":20,"column":23},"end":{"line":20,"column":46}}],"line":20},"2":{"loc":{"start":{"line":37,"column":33},"end":{"line":37,"column":47}},"type":"binary-expr","locations":[{"start":{"line":37,"column":33},"end":{"line":37,"column":42}},{"start":{"line":37,"column":46},"end":{"line":37,"column":47}}],"line":37},"3":{"loc":{"start":{"line":39,"column":36},"end":{"line":39,"column":50}},"type":"binary-expr","locations":[{"start":{"line":39,"column":36},"end":{"line":39,"column":45}},{"start":{"line":39,"column":49},"end":{"line":39,"column":50}}],"line":39},"4":{"loc":{"start":{"line":41,"column":36},"end":{"line":41,"column":50}},"type":"binary-expr","locations":[{"start":{"line":41,"column":36},"end":{"line":41,"column":45}},{"start":{"line":41,"column":49},"end":{"line":41,"column":50}}],"line":41},"5":{"loc":{"start":{"line":45,"column":20},"end":{"line":50,"column":10}},"type":"cond-expr","locations":[{"start":{"line":46,"column":10},"end":{"line":46,"column":15}},{"start":{"line":47,"column":10},"end":{"line":50,"column":10}}],"line":45},"6":{"loc":{"start":{"line":48,"column":23},"end":{"line":48,"column":78}},"type":"binary-expr","locations":[{"start":{"line":48,"column":23},"end":{"line":48,"column":57}},{"start":{"line":48,"column":61},"end":{"line":48,"column":78}}],"line":48},"7":{"loc":{"start":{"line":53,"column":8},"end":{"line":57,"column":9}},"type":"if","locations":[{"start":{"line":53,"column":8},"end":{"line":57,"column":9}},{"start":{"line":55,"column":15},"end":{"line":57,"column":9}}],"line":53},"8":{"loc":{"start":{"line":60,"column":4},"end":{"line":60,"column":71}},"type":"if","locations":[{"start":{"line":60,"column":4},"end":{"line":60,"column":71}},{"start":{},"end":{}}],"line":60},"9":{"loc":{"start":{"line":61,"column":4},"end":{"line":61,"column":94}},"type":"if","locations":[{"start":{"line":61,"column":4},"end":{"line":61,"column":94}},{"start":{},"end":{}}],"line":61},"10":{"loc":{"start":{"line":94,"column":33},"end":{"line":96,"column":41}},"type":"cond-expr","locations":[{"start":{"line":95,"column":38},"end":{"line":95,"column":86}},{"start":{"line":96,"column":38},"end":{"line":96,"column":41}}],"line":94},"11":{"loc":{"start":{"line":99,"column":33},"end":{"line":101,"column":41}},"type":"cond-expr","locations":[{"start":{"line":100,"column":38},"end":{"line":100,"column":73}},{"start":{"line":101,"column":38},"end":{"line":101,"column":41}}],"line":99},"12":{"loc":{"start":{"line":103,"column":33},"end":{"line":103,"column":63}},"type":"binary-expr","locations":[{"start":{"line":103,"column":33},"end":{"line":103,"column":56}},{"start":{"line":103,"column":60},"end":{"line":103,"column":63}}],"line":103},"13":{"loc":{"start":{"line":105,"column":33},"end":{"line":105,"column":56}},"type":"binary-expr","locations":[{"start":{"line":105,"column":33},"end":{"line":105,"column":49}},{"start":{"line":105,"column":53},"end":{"line":105,"column":56}}],"line":105},"14":{"loc":{"start":{"line":129,"column":21},"end":{"line":133,"column":21}},"type":"binary-expr","locations":[{"start":{"line":129,"column":21},"end":{"line":129,"column":41}},{"start":{"line":130,"column":24},"end":{"line":132,"column":29}}],"line":129},"15":{"loc":{"start":{"line":137,"column":13},"end":{"line":149,"column":13}},"type":"binary-expr","locations":[{"start":{"line":137,"column":13},"end":{"line":137,"column":30}},{"start":{"line":138,"column":16},"end":{"line":148,"column":18}}],"line":137},"16":{"loc":{"start":{"line":139,"column":26},"end":{"line":139,"column":62}},"type":"cond-expr","locations":[{"start":{"line":139,"column":47},"end":{"line":139,"column":51}},{"start":{"line":139,"column":54},"end":{"line":139,"column":62}}],"line":139},"17":{"loc":{"start":{"line":151,"column":13},"end":{"line":157,"column":13}},"type":"binary-expr","locations":[{"start":{"line":151,"column":13},"end":{"line":151,"column":34}},{"start":{"line":152,"column":16},"end":{"line":156,"column":18}}],"line":151}},"s":{"0":1,"1":3,"2":1,"3":3,"4":3,"5":6,"6":6,"7":6,"8":5,"9":5,"10":5,"11":5,"12":5,"13":4,"14":4,"15":4,"16":4,"17":4,"18":4,"19":5,"20":0,"21":0,"22":5,"23":0,"24":0,"25":0,"26":5,"27":1,"28":4,"29":1,"30":3,"31":0,"32":3,"33":1,"34":0,"35":0,"36":0},"f":{"0":3,"1":3,"2":6,"3":4,"4":4,"5":0,"6":4,"7":0,"8":4,"9":0,"10":0,"11":0,"12":0,"13":3,"14":1,"15":0,"16":0,"17":0},"b":{"0":[3,0],"1":[3,0],"2":[4,4],"3":[4,4],"4":[4,4],"5":[5,0],"6":[0,0],"7":[0,0],"8":[1,4],"9":[1,3],"10":[1,2],"11":[1,2],"12":[3,2],"13":[3,3],"14":[3,0],"15":[3,1],"16":[0,1],"17":[3,0]},"_coverageSchema":"1a1c01bbd47fc00a2c39e90264f33305004495a9","hash":"29d983ee497af249d17d0bf16d79a2797318ce7c"}
,"C:\\Users\\tusen\\Desktop\\uni\\Server\\spa\\src\\pages\\UsersPage.jsx": {"path":"C:\\Users\\tusen\\Desktop\\uni\\Server\\spa\\src\\pages\\UsersPage.jsx","statementMap":{"0":{"start":{"line":7,"column":18},"end":{"line":7,"column":20}},"1":{"start":{"line":10,"column":43},"end":{"line":10,"column":52}},"2":{"start":{"line":13,"column":8},"end":{"line":13,"column":29}},"3":{"start":{"line":15,"column":36},"end":{"line":15,"column":50}},"4":{"start":{"line":16,"column":28},"end":{"line":16,"column":39}},"5":{"start":{"line":18,"column":23},"end":{"line":24,"column":5}},"6":{"start":{"line":19,"column":8},"end":{"line":23,"column":9}},"7":{"start":{"line":20,"column":12},"end":{"line":20,"column":31}},"8":{"start":{"line":22,"column":12},"end":{"line":22,"column":44}},"9":{"start":{"line":26,"column":4},"end":{"line":28,"column":5}},"10":{"start":{"line":27,"column":8},"end":{"line":27,"column":62}},"11":{"start":{"line":29,"column":4},"end":{"line":36,"column":5}},"12":{"start":{"line":30,"column":8},"end":{"line":35,"column":10}},"13":{"start":{"line":38,"column":23},"end":{"line":38,"column":58}},"14":{"start":{"line":39,"column":20},"end":{"line":39,"column":73}},"15":{"start":{"line":41,"column":4},"end":{"line":130,"column":6}},"16":{"start":{"line":49,"column":39},"end":{"line":49,"column":57}},"17":{"start":{"line":69,"column":24},"end":{"line":105,"column":29}},"18":{"start":{"line":100,"column":51},"end":{"line":100,"column":65}},"19":{"start":{"line":124,"column":35},"end":{"line":124,"column":52}}},"fnMap":{"0":{"name":"UsersPage","decl":{"start":{"line":9,"column":9},"end":{"line":9,"column":18}},"loc":{"start":{"line":9,"column":21},"end":{"line":131,"column":1}},"line":9},"1":{"name":"(anonymous_1)","decl":{"start":{"line":18,"column":23},"end":{"line":18,"column":24}},"loc":{"start":{"line":18,"column":39},"end":{"line":24,"column":5}},"line":18},"2":{"name":"(anonymous_2)","decl":{"start":{"line":49,"column":33},"end":{"line":49,"column":34}},"loc":{"start":{"line":49,"column":39},"end":{"line":49,"column":57}},"line":49},"3":{"name":"(anonymous_3)","decl":{"start":{"line":68,"column":33},"end":{"line":68,"column":34}},"loc":{"start":{"line":69,"column":24},"end":{"line":105,"column":29}},"line":69},"4":{"name":"(anonymous_4)","decl":{"start":{"line":100,"column":45},"end":{"line":100,"column":46}},"loc":{"start":{"line":100,"column":51},"end":{"line":100,"column":65}},"line":100},"5":{"name":"(anonymous_5)","decl":{"start":{"line":124,"column":29},"end":{"line":124,"column":30}},"loc":{"start":{"line":124,"column":35},"end":{"line":124,"column":52}},"line":124}},"branchMap":{"0":{"loc":{"start":{"line":19,"column":8},"end":{"line":23,"column":9}},"type":"if","locations":[{"start":{"line":19,"column":8},"end":{"line":23,"column":9}},{"start":{"line":21,"column":15},"end":{"line":23,"column":9}}],"line":19},"1":{"loc":{"start":{"line":26,"column":4},"end":{"line":28,"column":5}},"type":"if","locations":[{"start":{"line":26,"column":4},"end":{"line":28,"column":5}},{"start":{},"end":{}}],"line":26},"2":{"loc":{"start":{"line":29,"column":4},"end":{"line":36,"column":5}},"type":"if","locations":[{"start":{"line":29,"column":4},"end":{"line":36,"column":5}},{"start":{},"end":{}}],"line":29},"3":{"loc":{"start":{"line":45,"column":17},"end":{"line":53,"column":17}},"type":"binary-expr","locations":[{"start":{"line":45,"column":17},"end":{"line":45,"column":24}},{"start":{"line":46,"column":20},"end":{"line":52,"column":29}}],"line":45},"4":{"loc":{"start":{"line":73,"column":33},"end":{"line":75,"column":33}},"type":"binary-expr","locations":[{"start":{"line":73,"column":33},"end":{"line":73,"column":50}},{"start":{"line":74,"column":36},"end":{"line":74,"column":78}}],"line":73},"5":{"loc":{"start":{"line":77,"column":33},"end":{"line":77,"column":49}},"type":"binary-expr","locations":[{"start":{"line":77,"column":33},"end":{"line":77,"column":40}},{"start":{"line":77,"column":44},"end":{"line":77,"column":49}}],"line":77},"6":{"loc":{"start":{"line":80,"column":56},"end":{"line":82,"column":58}},"type":"cond-expr","locations":[{"start":{"line":81,"column":42},"end":{"line":81,"column":56}},{"start":{"line":82,"column":42},"end":{"line":82,"column":58}}],"line":80},"7":{"loc":{"start":{"line":89,"column":56},"end":{"line":91,"column":59}},"type":"cond-expr","locations":[{"start":{"line":90,"column":42},"end":{"line":90,"column":57}},{"start":{"line":91,"column":42},"end":{"line":91,"column":59}}],"line":89},"8":{"loc":{"start":{"line":93,"column":37},"end":{"line":93,"column":71}},"type":"cond-expr","locations":[{"start":{"line":93,"column":50},"end":{"line":93,"column":58}},{"start":{"line":93,"column":61},"end":{"line":93,"column":71}}],"line":93},"9":{"loc":{"start":{"line":102,"column":37},"end":{"line":102,"column":75}},"type":"cond-expr","locations":[{"start":{"line":102,"column":47},"end":{"line":102,"column":59}},{"start":{"line":102,"column":62},"end":{"line":102,"column":75}}],"line":102},"10":{"loc":{"start":{"line":107,"column":21},"end":{"line":113,"column":21}},"type":"binary-expr","locations":[{"start":{"line":107,"column":21},"end":{"line":107,"column":41}},{"start":{"line":108,"column":24},"end":{"line":112,"column":29}}],"line":107},"11":{"loc":{"start":{"line":119,"column":13},"end":{"line":128,"column":13}},"type":"binary-expr","locations":[{"start":{"line":119,"column":13},"end":{"line":119,"column":30}},{"start":{"line":120,"column":16},"end":{"line":127,"column":18}}],"line":119},"12":{"loc":{"start":{"line":121,"column":26},"end":{"line":121,"column":62}},"type":"cond-expr","locations":[{"start":{"line":121,"column":47},"end":{"line":121,"column":51}},{"start":{"line":121,"column":54},"end":{"line":121,"column":62}}],"line":121}},"s":{"0":1,"1":5,"2":5,"3":5,"4":5,"5":5,"6":0,"7":0,"8":0,"9":5,"10":1,"11":4,"12":1,"13":3,"14":3,"15":3,"16":1,"17":2,"18":0,"19":0},"f":{"0":5,"1":0,"2":1,"3":2,"4":0,"5":0},"b":{"0":[0,0],"1":[1,4],"2":[1,3],"3":[3,3],"4":[2,1],"5":[2,0],"6":[1,1],"7":[1,1],"8":[1,1],"9":[2,0],"10":[3,2],"11":[3,1],"12":[1,0]},"_coverageSchema":"1a1c01bbd47fc00a2c39e90264f33305004495a9","hash":"5c87535b87e9bc0bb6ed3bdc2af8cf3e69dc7eb3"}
,"C:\\Users\\tusen\\Desktop\\uni\\Server\\spa\\src\\services\\api.js": {"path":"C:\\Users\\tusen\\Desktop\\uni\\Server\\spa\\src\\services\\api.js","statementMap":{"0":{"start":{"line":1,"column":13},"end":{"line":1,"column":19}},"1":{"start":{"line":3,"column":19},"end":{"line":9,"column":1}},"2":{"start":{"line":4,"column":20},"end":{"line":4,"column":75}},"3":{"start":{"line":5,"column":4},"end":{"line":8,"column":6}},"4":{"start":{"line":11,"column":24},"end":{"line":19,"column":1}},"5":{"start":{"line":12,"column":4},"end":{"line":12,"column":46}},"6":{"start":{"line":12,"column":34},"end":{"line":12,"column":46}},"7":{"start":{"line":13,"column":4},"end":{"line":13,"column":40}},"8":{"start":{"line":13,"column":21},"end":{"line":13,"column":40}},"9":{"start":{"line":14,"column":4},"end":{"line":14,"column":38}},"10":{"start":{"line":14,"column":20},"end":{"line":14,"column":38}},"11":{"start":{"line":16,"column":4},"end":{"line":18,"column":21}},"12":{"start":{"line":17,"column":32},"end":{"line":17,"column":73}},"13":{"start":{"line":21,"column":23},"end":{"line":28,"column":1}},"14":{"start":{"line":22,"column":4},"end":{"line":22,"column":40}},"15":{"start":{"line":22,"column":28},"end":{"line":22,"column":40}},"16":{"start":{"line":23,"column":4},"end":{"line":26,"column":5}},"17":{"start":{"line":24,"column":21},"end":{"line":24,"column":55}},"18":{"start":{"line":24,"column":51},"end":{"line":24,"column":53}},"19":{"start":{"line":25,"column":8},"end":{"line":25,"column":71}},"20":{"start":{"line":27,"column":4},"end":{"line":27,"column":22}},"21":{"start":{"line":31,"column":32},"end":{"line":33,"column":23}},"22":{"start":{"line":31,"column":49},"end":{"line":33,"column":23}},"23":{"start":{"line":36,"column":24},"end":{"line":38,"column":23}},"24":{"start":{"line":36,"column":41},"end":{"line":38,"column":23}},"25":{"start":{"line":40,"column":26},"end":{"line":44,"column":23}},"26":{"start":{"line":40,"column":49},"end":{"line":44,"column":23}},"27":{"start":{"line":46,"column":26},"end":{"line":50,"column":23}},"28":{"start":{"line":46,"column":53},"end":{"line":50,"column":23}},"29":{"start":{"line":52,"column":26},"end":{"line":55,"column":23}},"30":{"start":{"line":52,"column":47},"end":{"line":55,"column":23}},"31":{"start":{"line":58,"column":16},"end":{"line":80,"column":2}},"32":{"start":{"line":58,"column":27},"end":{"line":80,"column":1}},"33":{"start":{"line":59,"column":39},"end":{"line":62,"column":26}},"34":{"start":{"line":64,"column":35},"end":{"line":68,"column":27}},"35":{"start":{"line":70,"column":39},"end":{"line":74,"column":27}},"36":{"start":{"line":76,"column":33},"end":{"line":79,"column":27}},"37":{"start":{"line":82,"column":28},"end":{"line":82,"column":48}},"38":{"start":{"line":83,"column":26},"end":{"line":83,"column":44}},"39":{"start":{"line":84,"column":23},"end":{"line":84,"column":38}},"40":{"start":{"line":85,"column":24},"end":{"line":85,"column":40}},"41":{"start":{"line":86,"column":26},"end":{"line":86,"column":44}},"42":{"start":{"line":87,"column":32},"end":{"line":87,"column":57}},"43":{"start":{"line":88,"column":26},"end":{"line":88,"column":52}},"44":{"start":{"line":89,"column":28},"end":{"line":89,"column":48}},"45":{"start":{"line":90,"column":27},"end":{"line":90,"column":46}}},"fnMap":{"0":{"name":"(anonymous_0)","decl":{"start":{"line":3,"column":19},"end":{"line":3,"column":20}},"loc":{"start":{"line":3,"column":36},"end":{"line":9,"column":1}},"line":3},"1":{"name":"(anonymous_1)","decl":{"start":{"line":11,"column":24},"end":{"line":11,"column":25}},"loc":{"start":{"line":11,"column":34},"end":{"line":19,"column":1}},"line":11},"2":{"name":"(anonymous_2)","decl":{"start":{"line":17,"column":13},"end":{"line":17,"column":14}},"loc":{"start":{"line":17,"column":32},"end":{"line":17,"column":73}},"line":17},"3":{"name":"(anonymous_3)","decl":{"start":{"line":21,"column":23},"end":{"line":21,"column":24}},"loc":{"start":{"line":21,"column":38},"end":{"line":28,"column":1}},"line":21},"4":{"name":"(anonymous_4)","decl":{"start":{"line":24,"column":44},"end":{"line":24,"column":45}},"loc":{"start":{"line":24,"column":51},"end":{"line":24,"column":53}},"line":24},"5":{"name":"(anonymous_5)","decl":{"start":{"line":31,"column":32},"end":{"line":31,"column":33}},"loc":{"start":{"line":31,"column":49},"end":{"line":33,"column":23}},"line":31},"6":{"name":"(anonymous_6)","decl":{"start":{"line":36,"column":24},"end":{"line":36,"column":25}},"loc":{"start":{"line":36,"column":41},"end":{"line":38,"column":23}},"line":36},"7":{"name":"(anonymous_7)","decl":{"start":{"line":40,"column":26},"end":{"line":40,"column":27}},"loc":{"start":{"line":40,"column":49},"end":{"line":44,"column":23}},"line":40},"8":{"name":"(anonymous_8)","decl":{"start":{"line":46,"column":26},"end":{"line":46,"column":27}},"loc":{"start":{"line":46,"column":53},"end":{"line":50,"column":23}},"line":46},"9":{"name":"(anonymous_9)","decl":{"start":{"line":52,"column":26},"end":{"line":52,"column":27}},"loc":{"start":{"line":52,"column":47},"end":{"line":55,"column":23}},"line":52},"10":{"name":"(anonymous_10)","decl":{"start":{"line":58,"column":16},"end":{"line":58,"column":17}},"loc":{"start":{"line":58,"column":27},"end":{"line":80,"column":1}},"line":58},"11":{"name":"(anonymous_11)","decl":{"start":{"line":59,"column":12},"end":{"line":59,"column":13}},"loc":{"start":{"line":59,"column":39},"end":{"line":62,"column":26}},"line":59},"12":{"name":"(anonymous_12)","decl":{"start":{"line":64,"column":12},"end":{"line":64,"column":13}},"loc":{"start":{"line":64,"column":35},"end":{"line":68,"column":27}},"line":64},"13":{"name":"(anonymous_13)","decl":{"start":{"line":70,"column":12},"end":{"line":70,"column":13}},"loc":{"start":{"line":70,"column":39},"end":{"line":74,"column":27}},"line":70},"14":{"name":"(anonymous_14)","decl":{"start":{"line":76,"column":12},"end":{"line":76,"column":13}},"loc":{"start":{"line":76,"column":33},"end":{"line":79,"column":27}},"line":76}},"branchMap":{"0":{"loc":{"start":{"line":12,"column":4},"end":{"line":12,"column":46}},"type":"if","locations":[{"start":{"line":12,"column":4},"end":{"line":12,"column":46}},{"start":{},"end":{}}],"line":12},"1":{"loc":{"start":{"line":13,"column":4},"end":{"line":13,"column":40}},"type":"if","locations":[{"start":{"line":13,"column":4},"end":{"line":13,"column":40}},{"start":{},"end":{}}],"line":13},"2":{"loc":{"start":{"line":14,"column":4},"end":{"line":14,"column":38}},"type":"if","locations":[{"start":{"line":14,"column":4},"end":{"line":14,"column":38}},{"start":{},"end":{}}],"line":14},"3":{"loc":{"start":{"line":22,"column":4},"end":{"line":22,"column":40}},"type":"if","locations":[{"start":{"line":22,"column":4},"end":{"line":22,"column":40}},{"start":{},"end":{}}],"line":22},"4":{"loc":{"start":{"line":23,"column":4},"end":{"line":26,"column":5}},"type":"if","locations":[{"start":{"line":23,"column":4},"end":{"line":26,"column":5}},{"start":{},"end":{}}],"line":23},"5":{"loc":{"start":{"line":25,"column":24},"end":{"line":25,"column":69}},"type":"binary-expr","locations":[{"start":{"line":25,"column":24},"end":{"line":25,"column":45}},{"start":{"line":25,"column":49},"end":{"line":25,"column":69}}],"line":25},"6":{"loc":{"start":{"line":59,"column":26},"end":{"line":59,"column":34}},"type":"default-arg","locations":[{"start":{"line":59,"column":33},"end":{"line":59,"column":34}}],"line":59}},"s":{"0":7,"1":7,"2":12,"3":12,"4":7,"5":5,"6":1,"7":4,"8":1,"9":3,"10":1,"11":2,"12":2,"13":7,"14":12,"15":2,"16":10,"17":5,"18":1,"19":5,"20":5,"21":7,"22":1,"23":7,"24":4,"25":7,"26":1,"27":7,"28":1,"29":7,"30":1,"31":7,"32":63,"33":1,"34":1,"35":1,"36":1,"37":7,"38":7,"39":7,"40":7,"41":7,"42":7,"43":7,"44":7,"45":7},"f":{"0":12,"1":5,"2":2,"3":12,"4":1,"5":1,"6":4,"7":1,"8":1,"9":1,"10":63,"11":1,"12":1,"13":1,"14":1},"b":{"0":[1,4],"1":[1,3],"2":[1,2],"3":[2,10],"4":[5,5],"5":[5,1],"6":[0]},"_coverageSchema":"1a1c01bbd47fc00a2c39e90264f33305004495a9","hash":"b361fbaf9be66c08b0c9e7f8d352547a6898683c"}
}
