TN:
SF:src\App.jsx
FN:18,App
FNF:1
FNH:0
FNDA:0,App
DA:19,0
LF:1
LH:0
BRF:0
BRH:0
end_of_record
TN:
SF:src\index.js
FNF:0
FNH:0
DA:6,0
DA:7,0
LF:2
LH:0
BRF:0
BRH:0
end_of_record
TN:
SF:src\components\CarModal.jsx
FN:11,CarModal
FN:18,(anonymous_1)
FN:28,(anonymous_2)
FN:30,(anonymous_3)
FN:33,(anonymous_4)
FN:50,(anonymous_5)
FNF:6
FNH:6
FNDA:11,CarModal
FNDA:3,(anonymous_1)
FNDA:5,(anonymous_2)
FNDA:5,(anonymous_3)
FNDA:1,(anonymous_4)
FNDA:1,(anonymous_5)
DA:3,2
DA:14,11
DA:15,11
DA:16,11
DA:18,11
DA:19,3
DA:28,11
DA:29,5
DA:30,5
DA:33,11
DA:34,1
DA:35,1
DA:36,1
DA:37,1
DA:44,1
DA:46,0
DA:50,11
DA:51,1
DA:52,1
DA:53,1
DA:54,1
DA:56,0
DA:60,11
LF:23
LH:21
BRDA:19,0,0,1
BRDA:19,0,1,2
BRDA:20,1,0,1
BRDA:20,1,1,0
BRDA:21,2,0,1
BRDA:21,2,1,0
BRDA:22,3,0,1
BRDA:22,3,1,1
BRDA:23,4,0,1
BRDA:23,4,1,1
BRDA:24,5,0,1
BRDA:24,5,1,0
BRDA:51,6,0,0
BRDA:51,6,1,1
BRDA:65,7,0,2
BRDA:65,7,1,9
BRDA:136,8,0,11
BRDA:136,8,1,0
BRDA:140,9,0,2
BRDA:140,9,1,9
BRDA:142,10,0,11
BRDA:142,10,1,2
BRDA:142,10,2,2
BRF:23
BRH:18
end_of_record
TN:
SF:src\components\CenterModal.jsx
FN:9,CenterModal
FN:16,(anonymous_1)
FN:24,(anonymous_2)
FN:26,(anonymous_3)
FN:29,(anonymous_4)
FN:44,(anonymous_5)
FNF:6
FNH:6
FNDA:16,CenterModal
FNDA:5,(anonymous_1)
FNDA:4,(anonymous_2)
FNDA:4,(anonymous_3)
FNDA:2,(anonymous_4)
FNDA:1,(anonymous_5)
DA:3,2
DA:12,16
DA:13,16
DA:14,16
DA:16,16
DA:17,5
DA:24,16
DA:25,4
DA:26,4
DA:29,16
DA:30,2
DA:31,2
DA:32,2
DA:33,2
DA:38,1
DA:40,1
DA:44,16
DA:45,1
DA:46,1
DA:47,1
DA:48,1
DA:50,0
DA:54,16
LF:23
LH:22
BRDA:17,0,0,2
BRDA:17,0,1,3
BRDA:18,1,0,2
BRDA:18,1,1,0
BRDA:19,2,0,2
BRDA:19,2,1,1
BRDA:20,3,0,2
BRDA:20,3,1,1
BRDA:45,4,0,0
BRDA:45,4,1,1
BRDA:59,5,0,4
BRDA:59,5,1,12
BRDA:101,6,0,16
BRDA:101,6,1,2
BRDA:105,7,0,4
BRDA:105,7,1,12
BRDA:107,8,0,16
BRDA:107,8,1,4
BRF:18
BRH:16
end_of_record
TN:
SF:src\components\ClientModal.jsx
FN:10,ClientModal
FN:17,(anonymous_1)
FN:26,(anonymous_2)
FN:28,(anonymous_3)
FN:31,(anonymous_4)
FN:47,(anonymous_5)
FNF:6
FNH:6
FNDA:9,ClientModal
FNDA:2,(anonymous_1)
FNDA:4,(anonymous_2)
FNDA:4,(anonymous_3)
FNDA:1,(anonymous_4)
FNDA:1,(anonymous_5)
DA:3,2
DA:13,9
DA:14,9
DA:15,9
DA:17,9
DA:18,2
DA:26,9
DA:27,4
DA:28,4
DA:31,9
DA:32,1
DA:33,1
DA:34,1
DA:35,1
DA:41,1
DA:43,0
DA:47,9
DA:48,1
DA:49,1
DA:50,1
DA:51,1
DA:53,0
DA:57,9
LF:23
LH:21
BRDA:18,0,0,1
BRDA:18,0,1,1
BRDA:19,1,0,1
BRDA:19,1,1,0
BRDA:20,2,0,1
BRDA:20,2,1,0
BRDA:21,3,0,1
BRDA:21,3,1,1
BRDA:22,4,0,1
BRDA:22,4,1,1
BRDA:39,5,0,1
BRDA:39,5,1,0
BRDA:48,6,0,0
BRDA:48,6,1,1
BRDA:62,7,0,2
BRDA:62,7,1,7
BRDA:118,8,0,9
BRDA:118,8,1,0
BRDA:122,9,0,2
BRDA:122,9,1,7
BRDA:124,10,0,9
BRDA:124,10,1,2
BRDA:124,10,2,2
BRF:23
BRH:18
end_of_record
TN:
SF:src\components\EmployeeModal.jsx
FN:11,UserModal
FN:21,(anonymous_1)
FN:35,(anonymous_2)
FN:37,(anonymous_3)
FN:40,(anonymous_4)
FN:62,(anonymous_5)
FNF:6
FNH:6
FNDA:10,UserModal
FNDA:3,(anonymous_1)
FNDA:4,(anonymous_2)
FNDA:4,(anonymous_3)
FNDA:1,(anonymous_4)
FNDA:1,(anonymous_5)
DA:3,2
DA:14,10
DA:15,10
DA:16,10
DA:18,10
DA:19,10
DA:21,10
DA:22,3
DA:23,1
DA:31,2
DA:35,10
DA:36,4
DA:37,4
DA:40,10
DA:41,1
DA:42,1
DA:43,1
DA:44,1
DA:49,1
DA:50,1
DA:52,1
DA:53,1
DA:55,1
DA:56,1
DA:58,0
DA:62,10
DA:63,1
DA:64,1
DA:65,1
DA:66,1
DA:68,0
DA:72,10
LF:32
LH:30
BRDA:15,0,0,10
BRDA:15,0,1,2
BRDA:22,1,0,1
BRDA:22,1,1,2
BRDA:24,2,0,1
BRDA:24,2,1,0
BRDA:25,3,0,1
BRDA:25,3,1,1
BRDA:27,4,0,1
BRDA:27,4,1,1
BRDA:28,5,0,0
BRDA:28,5,1,1
BRDA:49,6,0,1
BRDA:49,6,1,0
BRDA:52,7,0,1
BRDA:52,7,1,0
BRDA:63,8,0,0
BRDA:63,8,1,1
BRDA:77,9,0,2
BRDA:77,9,1,8
BRDA:91,10,0,10
BRDA:91,10,1,8
BRDA:109,11,0,10
BRDA:109,11,1,10
BRDA:112,12,0,2
BRDA:112,12,1,8
BRDA:134,13,0,10
BRDA:134,13,1,10
BRDA:139,14,0,10
BRDA:139,14,1,0
BRDA:144,15,0,10
BRDA:144,15,1,2
BRDA:153,16,0,2
BRDA:153,16,1,2
BRDA:158,17,0,2
BRDA:158,17,1,0
BRDA:164,18,0,10
BRDA:164,18,1,0
BRDA:170,19,0,10
BRDA:170,19,1,0
BRDA:173,20,0,10
BRDA:173,20,1,10
BRDA:175,21,0,2
BRDA:175,21,1,8
BRDA:178,22,0,10
BRDA:178,22,1,2
BRDA:178,22,2,2
BRDA:178,22,3,2
BRDA:184,23,0,0
BRDA:184,23,1,10
BRF:50
BRH:40
end_of_record
TN:
SF:src\components\EmployeeStaffModal.jsx
FN:12,EmployeeStaffModal
FN:19,(anonymous_1)
FN:34,(anonymous_2)
FN:36,(anonymous_3)
FN:39,(anonymous_4)
FN:57,(anonymous_5)
FN:139,(anonymous_6)
FN:159,(anonymous_7)
FNF:8
FNH:8
FNDA:11,EmployeeStaffModal
FNDA:3,(anonymous_1)
FNDA:5,(anonymous_2)
FNDA:5,(anonymous_3)
FNDA:1,(anonymous_4)
FNDA:1,(anonymous_5)
FNDA:11,(anonymous_6)
FNDA:11,(anonymous_7)
DA:3,2
DA:15,11
DA:16,11
DA:17,11
DA:19,11
DA:20,3
DA:21,1
DA:30,2
DA:34,11
DA:35,5
DA:36,5
DA:39,11
DA:40,1
DA:41,1
DA:42,1
DA:43,1
DA:51,1
DA:53,0
DA:57,11
DA:58,1
DA:59,1
DA:60,1
DA:61,1
DA:63,0
DA:67,11
DA:140,11
DA:160,11
LF:27
LH:25
BRDA:20,0,0,1
BRDA:20,0,1,2
BRDA:22,1,0,1
BRDA:22,1,1,0
BRDA:23,2,0,1
BRDA:23,2,1,0
BRDA:24,3,0,1
BRDA:24,3,1,1
BRDA:25,4,0,1
BRDA:25,4,1,1
BRDA:26,5,0,1
BRDA:26,5,1,1
BRDA:26,5,2,1
BRDA:27,6,0,1
BRDA:27,6,1,1
BRDA:27,6,2,1
BRDA:47,7,0,1
BRDA:47,7,1,1
BRDA:58,8,0,0
BRDA:58,8,1,1
BRDA:72,9,0,2
BRDA:72,9,1,9
BRDA:167,10,0,11
BRDA:167,10,1,0
BRDA:171,11,0,2
BRDA:171,11,1,9
BRDA:173,12,0,11
BRDA:173,12,1,2
BRDA:173,12,2,2
BRF:29
BRH:25
end_of_record
TN:
SF:src\components\Layout.jsx
FN:5,Layout
FNF:1
FNH:0
FNDA:0,Layout
DA:6,0
LF:1
LH:0
BRF:0
BRH:0
end_of_record
TN:
SF:src\components\Navbar.jsx
FN:16,Navbar
FN:23,(anonymous_1)
FN:26,(anonymous_2)
FN:26,(anonymous_3)
FN:30,(anonymous_4)
FN:35,(anonymous_5)
FN:47,(anonymous_6)
FN:47,(anonymous_7)
FN:63,(anonymous_8)
FN:66,(anonymous_9)
FNF:10
FNH:8
FNDA:3,Navbar
FNDA:2,(anonymous_1)
FNDA:1,(anonymous_2)
FNDA:0,(anonymous_3)
FNDA:1,(anonymous_4)
FNDA:20,(anonymous_5)
FNDA:21,(anonymous_6)
FNDA:20,(anonymous_7)
FNDA:0,(anonymous_8)
FNDA:1,(anonymous_9)
DA:6,1
DA:19,3
DA:20,3
DA:21,3
DA:23,3
DA:24,2
DA:25,1
DA:26,1
DA:30,3
DA:31,1
DA:32,1
DA:35,20
DA:37,3
DA:47,21
DA:48,20
DA:63,0
DA:67,1
LF:17
LH:16
BRDA:24,0,0,1
BRDA:24,0,1,1
BRDA:26,1,0,1
BRDA:26,1,1,1
BRDA:35,2,0,0
BRDA:35,2,1,20
BRDA:47,3,0,21
BRDA:47,3,1,3
BRDA:62,4,0,3
BRDA:62,4,1,3
BRDA:63,5,0,0
BRDA:63,5,1,0
BRF:12
BRH:9
end_of_record
TN:
SF:src\components\Pagination.jsx
FN:3,Pagination
FN:20,(anonymous_1)
FN:31,(anonymous_2)
FN:39,(anonymous_3)
FN:44,(anonymous_4)
FN:58,(anonymous_5)
FN:68,(anonymous_6)
FNF:7
FNH:4
FNDA:20,Pagination
FNDA:1,(anonymous_1)
FNDA:0,(anonymous_2)
FNDA:20,(anonymous_3)
FNDA:1,(anonymous_4)
FNDA:0,(anonymous_5)
FNDA:0,(anonymous_6)
DA:4,20
DA:6,13
DA:7,13
DA:8,13
DA:9,13
DA:11,13
DA:12,20
DA:15,13
DA:20,1
DA:31,0
DA:40,20
DA:44,1
DA:58,0
DA:68,0
LF:14
LH:11
BRDA:4,0,0,7
BRDA:4,0,1,13
BRDA:26,1,0,13
BRDA:26,1,1,2
BRDA:35,2,0,2
BRDA:35,2,1,2
BRDA:43,3,0,5
BRDA:43,3,1,15
BRDA:50,4,0,13
BRDA:50,4,1,3
BRDA:52,5,0,3
BRDA:52,5,1,2
BRF:12
BRH:12
end_of_record
TN:
SF:src\components\PartModal.jsx
FN:9,PartModal
FN:16,(anonymous_1)
FN:24,(anonymous_2)
FN:26,(anonymous_3)
FN:29,(anonymous_4)
FN:44,(anonymous_5)
FNF:6
FNH:6
FNDA:8,PartModal
FNDA:2,(anonymous_1)
FNDA:3,(anonymous_2)
FNDA:3,(anonymous_3)
FNDA:1,(anonymous_4)
FNDA:1,(anonymous_5)
DA:3,2
DA:12,8
DA:13,8
DA:14,8
DA:16,8
DA:17,2
DA:24,8
DA:25,3
DA:26,3
DA:29,8
DA:30,1
DA:31,1
DA:32,1
DA:33,1
DA:38,1
DA:40,0
DA:44,8
DA:45,1
DA:46,1
DA:47,1
DA:48,1
DA:50,0
DA:54,8
LF:23
LH:21
BRDA:17,0,0,1
BRDA:17,0,1,1
BRDA:18,1,0,1
BRDA:18,1,1,0
BRDA:19,2,0,1
BRDA:19,2,1,1
BRDA:20,3,0,1
BRDA:20,3,1,1
BRDA:45,4,0,0
BRDA:45,4,1,1
BRDA:59,5,0,2
BRDA:59,5,1,6
BRDA:105,6,0,8
BRDA:105,6,1,0
BRDA:109,7,0,2
BRDA:109,7,1,6
BRDA:111,8,0,8
BRDA:111,8,1,2
BRF:18
BRH:15
end_of_record
TN:
SF:src\components\PrivateRoute.jsx
FN:6,PrivateRoute
FNF:1
FNH:0
FNDA:0,PrivateRoute
DA:7,0
DA:8,0
LF:2
LH:0
BRDA:8,0,0,0
BRDA:8,0,1,0
BRF:2
BRH:0
end_of_record
TN:
SF:src\components\RepairDetailModal.jsx
FN:12,DetailRow
FN:15,(anonymous_1)
FN:16,(anonymous_2)
FN:41,(anonymous_3)
FN:50,RepairDetailModal
FN:61,(anonymous_5)
FN:67,(anonymous_6)
FN:73,(anonymous_7)
FN:78,(anonymous_8)
FN:80,(anonymous_9)
FN:85,(anonymous_10)
FN:88,(anonymous_11)
FN:93,(anonymous_12)
FN:96,(anonymous_13)
FN:124,(anonymous_14)
FN:133,(anonymous_15)
FN:138,(anonymous_16)
FN:138,(anonymous_17)
FN:144,(anonymous_18)
FN:147,(anonymous_19)
FN:151,(anonymous_20)
FN:193,(anonymous_21)
FN:268,(anonymous_22)
FN:290,(anonymous_23)
FNF:24
FNH:16
FNDA:1,DetailRow
FNDA:1,(anonymous_1)
FNDA:1,(anonymous_2)
FNDA:0,(anonymous_3)
FNDA:12,RepairDetailModal
FNDA:3,(anonymous_5)
FNDA:3,(anonymous_6)
FNDA:0,(anonymous_7)
FNDA:0,(anonymous_8)
FNDA:3,(anonymous_9)
FNDA:3,(anonymous_10)
FNDA:1,(anonymous_11)
FNDA:2,(anonymous_12)
FNDA:2,(anonymous_13)
FNDA:1,(anonymous_14)
FNDA:0,(anonymous_15)
FNDA:0,(anonymous_16)
FNDA:0,(anonymous_17)
FNDA:1,(anonymous_18)
FNDA:1,(anonymous_19)
FNDA:0,(anonymous_20)
FNDA:1,(anonymous_21)
FNDA:9,(anonymous_22)
FNDA:0,(anonymous_23)
DA:4,2
DA:15,1
DA:16,1
DA:18,1
DA:19,1
DA:21,0
DA:23,1
DA:24,1
DA:25,1
DA:29,1
DA:41,0
DA:51,12
DA:52,12
DA:53,12
DA:54,12
DA:55,12
DA:56,12
DA:57,12
DA:59,12
DA:61,12
DA:62,3
DA:63,3
DA:68,3
DA:70,3
DA:71,3
DA:72,3
DA:73,0
DA:75,3
DA:76,3
DA:77,3
DA:79,0
DA:81,3
DA:85,12
DA:86,3
DA:87,3
DA:88,1
DA:91,1
DA:93,2
DA:96,12
DA:97,2
DA:98,2
DA:100,2
DA:101,2
DA:102,2
DA:103,1
DA:104,1
DA:105,1
DA:108,1
DA:112,1
DA:113,1
DA:115,0
DA:117,1
DA:118,0
DA:121,1
DA:122,1
DA:123,1
DA:124,1
DA:125,1
DA:127,0
DA:129,1
DA:133,12
DA:134,0
DA:135,0
DA:136,0
DA:137,0
DA:138,0
DA:140,0
DA:144,12
DA:145,1
DA:146,1
DA:147,1
DA:148,1
DA:150,1
DA:151,0
DA:152,0
DA:154,1
DA:155,1
DA:158,12
DA:194,1
DA:269,9
DA:291,0
LF:81
LH:65
BRDA:18,0,0,1
BRDA:18,0,1,0
BRDA:19,1,0,1
BRDA:19,1,1,0
BRDA:21,2,0,0
BRDA:21,2,1,0
BRDA:23,3,0,1
BRDA:23,3,1,0
BRDA:24,4,0,1
BRDA:24,4,1,0
BRDA:25,5,0,0
BRDA:25,5,1,1
BRDA:68,6,0,3
BRDA:68,6,1,0
BRDA:69,7,0,0
BRDA:69,7,1,0
BRDA:70,8,0,3
BRDA:70,8,1,0
BRDA:70,9,0,0
BRDA:70,9,1,0
BRDA:71,10,0,3
BRDA:71,10,1,0
BRDA:71,11,0,0
BRDA:71,11,1,0
BRDA:87,12,0,1
BRDA:87,12,1,2
BRDA:101,13,0,2
BRDA:101,13,1,0
BRDA:102,14,0,1
BRDA:102,14,1,1
BRDA:103,15,0,1
BRDA:103,15,1,0
BRDA:112,16,0,1
BRDA:112,16,1,0
BRDA:117,17,0,0
BRDA:117,17,1,1
BRDA:127,18,0,0
BRDA:127,18,1,0
BRDA:134,19,0,0
BRDA:134,19,1,0
BRDA:140,20,0,0
BRDA:140,20,1,0
BRDA:146,21,0,1
BRDA:146,21,1,0
BRDA:148,22,0,1
BRDA:148,22,1,0
BRDA:150,23,0,0
BRDA:150,23,1,1
BRDA:152,24,0,0
BRDA:152,24,1,0
BRDA:154,25,0,0
BRDA:154,25,1,1
BRDA:172,26,0,12
BRDA:172,26,1,1
BRDA:178,27,0,3
BRDA:178,27,1,9
BRDA:202,28,0,9
BRDA:202,28,1,8
BRDA:253,29,0,9
BRDA:253,29,1,0
BRDA:321,30,0,1
BRDA:321,30,1,8
BRF:62
BRH:29
end_of_record
TN:
SF:src\components\RepairModal.jsx
FN:19,RepairModal
FN:28,(anonymous_1)
FN:30,(anonymous_2)
FN:34,(anonymous_3)
FN:36,(anonymous_4)
FN:40,(anonymous_5)
FN:60,(anonymous_6)
FN:62,(anonymous_7)
FN:65,(anonymous_8)
FN:83,(anonymous_9)
FN:115,(anonymous_10)
FN:134,(anonymous_11)
FN:154,(anonymous_12)
FN:201,(anonymous_13)
FNF:14
FNH:14
FNDA:15,RepairModal
FNDA:5,(anonymous_1)
FNDA:1,(anonymous_2)
FNDA:5,(anonymous_3)
FNDA:1,(anonymous_4)
FNDA:5,(anonymous_5)
FNDA:4,(anonymous_6)
FNDA:4,(anonymous_7)
FNDA:1,(anonymous_8)
FNDA:1,(anonymous_9)
FNDA:15,(anonymous_10)
FNDA:15,(anonymous_11)
FNDA:13,(anonymous_12)
FNDA:60,(anonymous_13)
DA:3,2
DA:10,2
DA:22,15
DA:23,15
DA:24,15
DA:28,15
DA:29,5
DA:30,1
DA:31,1
DA:34,15
DA:35,5
DA:36,1
DA:37,1
DA:40,15
DA:41,5
DA:42,3
DA:53,2
DA:60,15
DA:61,4
DA:62,4
DA:65,15
DA:66,1
DA:67,1
DA:68,1
DA:69,1
DA:77,1
DA:79,0
DA:83,15
DA:84,1
DA:85,1
DA:86,1
DA:87,1
DA:89,0
DA:93,15
DA:116,15
DA:135,15
DA:155,13
DA:202,60
LF:38
LH:36
BRDA:29,0,0,4
BRDA:29,0,1,1
BRDA:31,1,0,0
BRDA:31,1,1,1
BRDA:35,2,0,4
BRDA:35,2,1,1
BRDA:37,3,0,0
BRDA:37,3,1,1
BRDA:41,4,0,3
BRDA:41,4,1,2
BRDA:43,5,0,3
BRDA:43,5,1,3
BRDA:43,5,2,2
BRDA:44,6,0,3
BRDA:44,6,1,3
BRDA:44,6,2,2
BRDA:46,7,0,3
BRDA:46,7,1,3
BRDA:46,7,2,2
BRDA:48,8,0,3
BRDA:48,8,1,2
BRDA:49,9,0,3
BRDA:49,9,1,3
BRDA:50,10,0,3
BRDA:50,10,1,1
BRDA:55,11,0,0
BRDA:55,11,1,2
BRDA:74,12,0,1
BRDA:74,12,1,1
BRDA:84,13,0,0
BRDA:84,13,1,1
BRDA:98,14,0,6
BRDA:98,14,1,9
BRDA:151,15,0,15
BRDA:151,15,1,0
BRDA:207,16,0,15
BRDA:207,16,1,0
BRDA:211,17,0,6
BRDA:211,17,1,9
BRDA:213,18,0,15
BRDA:213,18,1,6
BRDA:213,18,2,6
BRF:42
BRH:36
end_of_record
TN:
SF:src\context\AuthContext.jsx
FN:7,(anonymous_0)
FN:16,AuthProvider
FN:19,(anonymous_2)
FN:24,(anonymous_3)
FN:30,(anonymous_4)
FN:31,(anonymous_5)
FN:38,(anonymous_6)
FN:56,(anonymous_7)
FNF:8
FNH:8
FNDA:5,(anonymous_0)
FNDA:11,AuthProvider
FNDA:4,(anonymous_2)
FNDA:1,(anonymous_3)
FNDA:1,(anonymous_4)
FNDA:1,(anonymous_5)
FNDA:11,(anonymous_6)
FNDA:11,(anonymous_7)
DA:5,9
DA:7,9
DA:8,5
DA:9,5
DA:10,5
DA:12,0
DA:17,11
DA:19,11
DA:20,4
DA:21,4
DA:24,11
DA:25,1
DA:26,1
DA:30,11
DA:31,1
DA:32,1
DA:33,1
DA:34,1
DA:38,11
DA:49,11
DA:56,11
LF:21
LH:20
BRDA:10,0,0,0
BRDA:10,0,1,5
BRDA:45,1,0,11
BRDA:45,1,1,10
BRDA:46,2,0,5
BRDA:46,2,1,6
BRF:6
BRH:5
end_of_record
TN:
SF:src\hooks\useEmployees.js
FN:6,(anonymous_0)
FN:11,(anonymous_1)
FN:24,(anonymous_2)
FN:28,(anonymous_3)
FN:33,(anonymous_4)
FN:38,(anonymous_5)
FNF:6
FNH:6
FNDA:12,(anonymous_0)
FNDA:6,(anonymous_1)
FNDA:3,(anonymous_2)
FNDA:1,(anonymous_3)
FNDA:1,(anonymous_4)
FNDA:1,(anonymous_5)
DA:6,2
DA:7,12
DA:8,12
DA:9,12
DA:11,12
DA:12,6
DA:13,6
DA:14,6
DA:15,6
DA:16,5
DA:18,1
DA:20,6
DA:24,12
DA:25,3
DA:28,12
DA:29,1
DA:30,1
DA:33,12
DA:34,1
DA:35,1
DA:38,12
DA:39,1
DA:40,1
DA:43,12
LF:24
LH:24
BRF:0
BRH:0
end_of_record
TN:
SF:src\hooks\useResource.js
FN:5,(anonymous_0)
FN:12,(anonymous_1)
FN:36,(anonymous_2)
FN:40,(anonymous_3)
FN:42,(anonymous_4)
FN:47,(anonymous_5)
FN:52,(anonymous_6)
FNF:7
FNH:6
FNDA:17,(anonymous_0)
FNDA:7,(anonymous_1)
FNDA:5,(anonymous_2)
FNDA:1,(anonymous_3)
FNDA:1,(anonymous_4)
FNDA:0,(anonymous_5)
FNDA:1,(anonymous_6)
DA:3,7
DA:5,7
DA:6,17
DA:7,17
DA:8,17
DA:9,17
DA:10,17
DA:12,17
DA:13,7
DA:14,7
DA:15,7
DA:16,7
DA:17,6
DA:18,6
DA:22,6
DA:23,0
DA:24,0
DA:27,6
DA:28,6
DA:30,1
DA:32,7
DA:36,17
DA:37,5
DA:40,17
DA:42,17
DA:43,1
DA:44,1
DA:47,17
DA:48,0
DA:49,0
DA:52,17
DA:53,1
DA:54,1
DA:57,17
LF:34
LH:30
BRDA:17,0,0,0
BRDA:17,0,1,6
BRDA:17,1,0,6
BRDA:17,1,1,0
BRDA:18,2,0,6
BRDA:18,2,1,0
BRDA:22,3,0,0
BRDA:22,3,1,6
BRDA:22,4,0,6
BRDA:22,4,1,3
BRDA:28,5,0,6
BRDA:28,5,1,3
BRF:12
BRH:8
end_of_record
TN:
SF:src\pages\CarsPage.jsx
FN:10,CarsPage
FN:18,(anonymous_1)
FN:36,(anonymous_2)
FN:54,(anonymous_3)
FN:65,(anonymous_4)
FN:85,(anonymous_5)
FNF:6
FNH:3
FNDA:3,CarsPage
FNDA:0,(anonymous_1)
FNDA:1,(anonymous_2)
FNDA:1,(anonymous_3)
FNDA:0,(anonymous_4)
FNDA:0,(anonymous_5)
DA:11,3
DA:15,3
DA:16,3
DA:18,3
DA:19,0
DA:20,0
DA:22,0
DA:26,3
DA:27,3
DA:29,3
DA:36,1
DA:55,1
DA:65,0
DA:85,0
LF:14
LH:9
BRDA:19,0,0,0
BRDA:19,0,1,0
BRDA:26,1,0,0
BRDA:26,1,1,3
BRDA:27,2,0,0
BRDA:27,2,1,3
BRDA:72,3,0,3
BRDA:72,3,1,2
BRDA:80,4,0,3
BRDA:80,4,1,1
BRDA:82,5,0,1
BRDA:82,5,1,0
BRF:12
BRH:7
end_of_record
TN:
SF:src\pages\CentersPage.jsx
FN:10,CentersPage
FN:18,(anonymous_1)
FN:37,(anonymous_2)
FN:55,(anonymous_3)
FN:66,(anonymous_4)
FN:89,(anonymous_5)
FNF:6
FNH:2
FNDA:1,CentersPage
FNDA:0,(anonymous_1)
FNDA:0,(anonymous_2)
FNDA:1,(anonymous_3)
FNDA:0,(anonymous_4)
FNDA:0,(anonymous_5)
DA:11,1
DA:15,1
DA:16,1
DA:18,1
DA:19,0
DA:20,0
DA:22,0
DA:26,1
DA:27,1
DA:29,1
DA:37,0
DA:56,1
DA:66,0
DA:89,0
LF:14
LH:8
BRDA:19,0,0,0
BRDA:19,0,1,0
BRDA:26,1,0,0
BRDA:26,1,1,1
BRDA:27,2,0,0
BRDA:27,2,1,1
BRDA:33,3,0,1
BRDA:33,3,1,0
BRDA:51,4,0,1
BRDA:51,4,1,0
BRDA:61,5,0,1
BRDA:61,5,1,0
BRDA:74,6,0,1
BRDA:74,6,1,0
BRDA:76,7,0,0
BRDA:76,7,1,0
BRDA:84,8,0,1
BRDA:84,8,1,0
BRDA:84,8,2,0
BRDA:86,9,0,0
BRDA:86,9,1,0
BRF:21
BRH:7
end_of_record
TN:
SF:src\pages\ClientsPage.jsx
FN:10,ClientsPage
FN:18,(anonymous_1)
FN:36,(anonymous_2)
FN:54,(anonymous_3)
FN:65,(anonymous_4)
FN:85,(anonymous_5)
FNF:6
FNH:1
FNDA:1,ClientsPage
FNDA:0,(anonymous_1)
FNDA:0,(anonymous_2)
FNDA:0,(anonymous_3)
FNDA:0,(anonymous_4)
FNDA:0,(anonymous_5)
DA:11,1
DA:15,1
DA:16,1
DA:18,1
DA:19,0
DA:20,0
DA:22,0
DA:26,1
DA:27,1
DA:29,1
DA:36,0
DA:55,0
DA:65,0
DA:85,0
LF:14
LH:7
BRDA:19,0,0,0
BRDA:19,0,1,0
BRDA:26,1,0,0
BRDA:26,1,1,1
BRDA:27,2,0,0
BRDA:27,2,1,1
BRDA:60,3,0,0
BRDA:60,3,1,0
BRDA:72,4,0,1
BRDA:72,4,1,1
BRDA:80,5,0,1
BRDA:80,5,1,0
BRDA:82,6,0,0
BRDA:82,6,1,0
BRF:14
BRH:5
end_of_record
TN:
SF:src\pages\EmployeesPage.jsx
FN:10,EmployeesPage
FN:20,(anonymous_1)
FN:22,(anonymous_2)
FN:22,(anonymous_3)
FN:24,(anonymous_4)
FN:24,(anonymous_5)
FN:29,(anonymous_6)
FN:35,(anonymous_7)
FN:54,(anonymous_8)
FN:74,(anonymous_9)
FN:86,(anonymous_10)
FN:106,(anonymous_11)
FNF:12
FNH:5
FNDA:1,EmployeesPage
FNDA:1,(anonymous_1)
FNDA:1,(anonymous_2)
FNDA:0,(anonymous_3)
FNDA:1,(anonymous_4)
FNDA:0,(anonymous_5)
FNDA:0,(anonymous_6)
FNDA:0,(anonymous_7)
FNDA:0,(anonymous_8)
FNDA:1,(anonymous_9)
FNDA:0,(anonymous_10)
FNDA:0,(anonymous_11)
DA:11,1
DA:15,1
DA:16,1
DA:17,1
DA:18,1
DA:20,1
DA:21,1
DA:22,1
DA:23,1
DA:24,1
DA:28,1
DA:30,0
DA:31,0
DA:35,1
DA:36,0
DA:37,0
DA:39,0
DA:43,1
DA:44,1
DA:46,1
DA:54,0
DA:75,1
DA:86,0
DA:106,0
LF:24
LH:16
BRDA:22,0,0,1
BRDA:22,0,1,1
BRDA:24,1,0,1
BRDA:24,1,1,1
BRDA:28,2,0,0
BRDA:28,2,1,1
BRDA:30,3,0,0
BRDA:30,3,1,0
BRDA:36,4,0,0
BRDA:36,4,1,0
BRDA:43,5,0,0
BRDA:43,5,1,1
BRDA:44,6,0,0
BRDA:44,6,1,1
BRDA:50,7,0,1
BRDA:50,7,1,1
BRDA:78,8,0,1
BRDA:78,8,1,0
BRDA:80,9,0,1
BRDA:80,9,1,1
BRDA:81,10,0,1
BRDA:81,10,1,1
BRDA:93,11,0,1
BRDA:93,11,1,0
BRDA:101,12,0,1
BRDA:101,12,1,0
BRDA:103,13,0,0
BRDA:103,13,1,0
BRF:28
BRH:16
end_of_record
TN:
SF:src\pages\LoginPage.jsx
FN:6,LoginPage
FN:14,(anonymous_1)
FN:52,(anonymous_2)
FN:65,(anonymous_3)
FNF:4
FNH:4
FNDA:10,LoginPage
FNDA:2,(anonymous_1)
FNDA:2,(anonymous_2)
FNDA:2,(anonymous_3)
DA:7,10
DA:8,10
DA:9,10
DA:10,10
DA:11,10
DA:12,10
DA:14,10
DA:15,2
DA:16,2
DA:17,2
DA:19,2
DA:21,2
DA:24,1
DA:31,1
DA:33,1
DA:35,2
DA:39,10
DA:52,2
DA:65,2
LF:19
LH:19
BRDA:71,0,0,10
BRDA:71,0,1,1
BRDA:74,1,0,2
BRDA:74,1,1,8
BRF:4
BRH:4
end_of_record
TN:
SF:src\pages\PartsPage.jsx
FN:10,PartsPage
FN:18,(anonymous_1)
FN:37,(anonymous_2)
FN:55,(anonymous_3)
FN:66,(anonymous_4)
FN:89,(anonymous_5)
FNF:6
FNH:2
FNDA:2,PartsPage
FNDA:0,(anonymous_1)
FNDA:0,(anonymous_2)
FNDA:1,(anonymous_3)
FNDA:0,(anonymous_4)
FNDA:0,(anonymous_5)
DA:11,2
DA:15,2
DA:16,2
DA:18,2
DA:19,0
DA:20,0
DA:22,0
DA:26,2
DA:27,2
DA:29,2
DA:37,0
DA:56,1
DA:66,0
DA:89,0
LF:14
LH:8
BRDA:19,0,0,0
BRDA:19,0,1,0
BRDA:26,1,0,0
BRDA:26,1,1,2
BRDA:27,2,0,0
BRDA:27,2,1,2
BRDA:33,3,0,2
BRDA:33,3,1,1
BRDA:51,4,0,2
BRDA:51,4,1,1
BRDA:61,5,0,1
BRDA:61,5,1,1
BRDA:74,6,0,2
BRDA:74,6,1,1
BRDA:76,7,0,0
BRDA:76,7,1,1
BRDA:84,8,0,2
BRDA:84,8,1,0
BRDA:84,8,2,0
BRDA:86,9,0,0
BRDA:86,9,1,0
BRF:21
BRH:12
end_of_record
TN:
SF:src\pages\RepairsPage.jsx
FN:11,(anonymous_0)
FN:13,(anonymous_1)
FN:23,RepairsPage
FN:35,(anonymous_3)
FN:37,(anonymous_4)
FN:37,(anonymous_5)
FN:39,(anonymous_6)
FN:39,(anonymous_7)
FN:41,(anonymous_8)
FN:41,(anonymous_9)
FN:47,(anonymous_10)
FN:52,(anonymous_11)
FN:70,(anonymous_12)
FN:90,(anonymous_13)
FN:115,(anonymous_14)
FN:122,(anonymous_15)
FN:142,(anonymous_16)
FN:155,(anonymous_17)
FNF:18
FNH:9
FNDA:3,(anonymous_0)
FNDA:3,(anonymous_1)
FNDA:6,RepairsPage
FNDA:4,(anonymous_3)
FNDA:4,(anonymous_4)
FNDA:0,(anonymous_5)
FNDA:4,(anonymous_6)
FNDA:0,(anonymous_7)
FNDA:4,(anonymous_8)
FNDA:0,(anonymous_9)
FNDA:0,(anonymous_10)
FNDA:0,(anonymous_11)
FNDA:0,(anonymous_12)
FNDA:3,(anonymous_13)
FNDA:1,(anonymous_14)
FNDA:0,(anonymous_15)
FNDA:0,(anonymous_16)
FNDA:0,(anonymous_17)
DA:11,3
DA:13,1
DA:14,3
DA:20,3
DA:24,6
DA:28,6
DA:29,6
DA:30,5
DA:31,5
DA:32,5
DA:33,5
DA:35,5
DA:36,4
DA:37,4
DA:38,4
DA:39,4
DA:40,4
DA:41,4
DA:45,5
DA:48,0
DA:49,0
DA:52,5
DA:53,0
DA:54,0
DA:56,0
DA:60,5
DA:61,4
DA:63,3
DA:70,0
DA:91,3
DA:115,1
DA:122,0
DA:142,0
DA:155,0
LF:34
LH:25
BRDA:11,0,0,3
BRDA:11,0,1,0
BRDA:20,1,0,3
BRDA:20,1,1,0
BRDA:37,2,0,4
BRDA:37,2,1,4
BRDA:39,3,0,4
BRDA:39,3,1,4
BRDA:41,4,0,4
BRDA:41,4,1,4
BRDA:45,5,0,5
BRDA:45,5,1,0
BRDA:48,6,0,0
BRDA:48,6,1,0
BRDA:53,7,0,0
BRDA:53,7,1,0
BRDA:60,8,0,1
BRDA:60,8,1,4
BRDA:61,9,0,1
BRDA:61,9,1,3
BRDA:94,10,0,1
BRDA:94,10,1,2
BRDA:99,11,0,1
BRDA:99,11,1,2
BRDA:103,12,0,3
BRDA:103,12,1,2
BRDA:105,13,0,3
BRDA:105,13,1,3
BRDA:129,14,0,3
BRDA:129,14,1,0
BRDA:137,15,0,3
BRDA:137,15,1,1
BRDA:139,16,0,0
BRDA:139,16,1,1
BRDA:151,17,0,3
BRDA:151,17,1,0
BRF:36
BRH:26
end_of_record
TN:
SF:src\pages\UsersPage.jsx
FN:9,UsersPage
FN:18,(anonymous_1)
FN:49,(anonymous_2)
FN:68,(anonymous_3)
FN:100,(anonymous_4)
FN:124,(anonymous_5)
FNF:6
FNH:3
FNDA:5,UsersPage
FNDA:0,(anonymous_1)
FNDA:1,(anonymous_2)
FNDA:2,(anonymous_3)
FNDA:0,(anonymous_4)
FNDA:0,(anonymous_5)
DA:7,1
DA:10,5
DA:13,5
DA:15,5
DA:16,5
DA:18,5
DA:19,0
DA:20,0
DA:22,0
DA:26,5
DA:27,1
DA:29,4
DA:30,1
DA:38,3
DA:39,3
DA:41,3
DA:49,1
DA:69,2
DA:100,0
DA:124,0
LF:20
LH:15
BRDA:19,0,0,0
BRDA:19,0,1,0
BRDA:26,1,0,1
BRDA:26,1,1,4
BRDA:29,2,0,1
BRDA:29,2,1,3
BRDA:45,3,0,3
BRDA:45,3,1,3
BRDA:73,4,0,2
BRDA:73,4,1,1
BRDA:77,5,0,2
BRDA:77,5,1,0
BRDA:80,6,0,1
BRDA:80,6,1,1
BRDA:89,7,0,1
BRDA:89,7,1,1
BRDA:93,8,0,1
BRDA:93,8,1,1
BRDA:102,9,0,2
BRDA:102,9,1,0
BRDA:107,10,0,3
BRDA:107,10,1,2
BRDA:119,11,0,3
BRDA:119,11,1,1
BRDA:121,12,0,1
BRDA:121,12,1,0
BRF:26
BRH:21
end_of_record
TN:
SF:src\services\api.js
FN:3,(anonymous_0)
FN:11,(anonymous_1)
FN:17,(anonymous_2)
FN:21,(anonymous_3)
FN:24,(anonymous_4)
FN:31,(anonymous_5)
FN:36,(anonymous_6)
FN:40,(anonymous_7)
FN:46,(anonymous_8)
FN:52,(anonymous_9)
FN:58,(anonymous_10)
FN:59,(anonymous_11)
FN:64,(anonymous_12)
FN:70,(anonymous_13)
FN:76,(anonymous_14)
FNF:15
FNH:15
FNDA:12,(anonymous_0)
FNDA:5,(anonymous_1)
FNDA:2,(anonymous_2)
FNDA:12,(anonymous_3)
FNDA:1,(anonymous_4)
FNDA:1,(anonymous_5)
FNDA:4,(anonymous_6)
FNDA:1,(anonymous_7)
FNDA:1,(anonymous_8)
FNDA:1,(anonymous_9)
FNDA:63,(anonymous_10)
FNDA:1,(anonymous_11)
FNDA:1,(anonymous_12)
FNDA:1,(anonymous_13)
FNDA:1,(anonymous_14)
DA:1,7
DA:3,7
DA:4,12
DA:5,12
DA:11,7
DA:12,5
DA:13,4
DA:14,3
DA:16,2
DA:17,2
DA:21,7
DA:22,12
DA:23,10
DA:24,5
DA:25,5
DA:27,5
DA:31,7
DA:36,7
DA:40,7
DA:46,7
DA:52,7
DA:58,63
DA:59,1
DA:64,1
DA:70,1
DA:76,1
DA:82,7
DA:83,7
DA:84,7
DA:85,7
DA:86,7
DA:87,7
DA:88,7
DA:89,7
DA:90,7
LF:35
LH:35
BRDA:12,0,0,1
BRDA:12,0,1,4
BRDA:13,1,0,1
BRDA:13,1,1,3
BRDA:14,2,0,1
BRDA:14,2,1,2
BRDA:22,3,0,2
BRDA:22,3,1,10
BRDA:23,4,0,5
BRDA:23,4,1,5
BRDA:25,5,0,5
BRDA:25,5,1,1
BRDA:59,6,0,0
BRF:13
BRH:12
end_of_record
